error: Database connection error: Cannot read properties of undefined (reading 'startsWith') {"stack":"TypeError: Cannot read properties of undefined (reading 'startsWith')\n    at connectionStringHasValidScheme (C:\\Users\\Yannick\\Documents\\keepCoding\\Full-stack-projects\\Node-Full-Stack-Projects\\MERN-ECOMMERCE-APPLICATION\\node_modules\\mongodb-connection-string-url\\src\\index.ts:13:22)\n    at new ConnectionString (C:\\Users\\Yannick\\Documents\\keepCoding\\Full-stack-projects\\Node-Full-Stack-Projects\\MERN-ECOMMERCE-APPLICATION\\node_modules\\mongodb-connection-string-url\\src\\index.ts:132:30)\n    at parseOptions (C:\\Users\\Yannick\\Documents\\keepCoding\\Full-stack-projects\\Node-Full-Stack-Projects\\MERN-ECOMMERCE-APPLICATION\\node_modules\\mongoDB\\src\\connection_string.ts:254:15)\n    at new MongoClient (C:\\Users\\Yannick\\Documents\\keepCoding\\Full-stack-projects\\Node-Full-Stack-Projects\\MERN-ECOMMERCE-APPLICATION\\node_modules\\mongoDB\\src\\mongo_client.ts:369:34)\n    at Database.<anonymous> (C:\\Users\\Yannick\\Documents\\keepCoding\\Full-stack-projects\\Node-Full-Stack-Projects\\MERN-ECOMMERCE-APPLICATION\\src\\Config\\DB\\Database.ts:20:43)\n    at Generator.next (<anonymous>)\n    at C:\\Users\\Yannick\\Documents\\keepCoding\\Full-stack-projects\\Node-Full-Stack-Projects\\MERN-ECOMMERCE-APPLICATION\\src\\Config\\DB\\Database.ts:31:71\n    at new Promise (<anonymous>)\n    at __awaiter (C:\\Users\\Yannick\\Documents\\keepCoding\\Full-stack-projects\\Node-Full-Stack-Projects\\MERN-ECOMMERCE-APPLICATION\\src\\Config\\DB\\Database.ts:27:12)\n    at Database.initializeDatabase (C:\\Users\\Yannick\\Documents\\keepCoding\\Full-stack-projects\\Node-Full-Stack-Projects\\MERN-ECOMMERCE-APPLICATION\\src\\Config\\DB\\Database.ts:18:57)","timestamp":"2024-09-25T10:43:43.876Z"}
error: uncaughtException: app.use() requires a middleware function
TypeError: app.use() requires a middleware function
    at Function.use (C:\Users\Yannick\Documents\keepCoding\Full-stack-projects\Node-Full-Stack-Projects\MERN-ECOMMERCE-APPLICATION\node_modules\express\lib\application.js:217:11)
    at App.initializeRoutes (C:\Users\Yannick\Documents\keepCoding\Full-stack-projects\Node-Full-Stack-Projects\MERN-ECOMMERCE-APPLICATION\src\server.ts:47:14)
    at new App (C:\Users\Yannick\Documents\keepCoding\Full-stack-projects\Node-Full-Stack-Projects\MERN-ECOMMERCE-APPLICATION\src\server.ts:30:10)
    at Object.<anonymous> (C:\Users\Yannick\Documents\keepCoding\Full-stack-projects\Node-Full-Stack-Projects\MERN-ECOMMERCE-APPLICATION\src\server.ts:66:13)
    at Module._compile (node:internal/modules/cjs/loader:1376:14)
    at Module.m._compile (C:\Users\Yannick\AppData\Roaming\npm\node_modules\ts-node\src\index.ts:1618:23)
    at Module._extensions..js (node:internal/modules/cjs/loader:1435:10)
    at Object.require.extensions.<computed> [as .ts] (C:\Users\Yannick\AppData\Roaming\npm\node_modules\ts-node\src\index.ts:1621:12)
    at Module.load (node:internal/modules/cjs/loader:1207:32)
    at Function.Module._load (node:internal/modules/cjs/loader:1023:12) {"date":"Wed Sep 25 2024 04:45:05 GMT-0700 (Pacific Daylight Time)","error":{},"exception":true,"os":{"loadavg":[0,0,0],"uptime":8350.875},"process":{"argv":["C:\\Users\\Yannick\\AppData\\Roaming\\npm\\node_modules\\ts-node\\dist\\bin.js","C:\\Users\\Yannick\\Documents\\keepCoding\\Full-stack-projects\\Node-Full-Stack-Projects\\MERN-ECOMMERCE-APPLICATION\\src\\server.ts"],"cwd":"C:\\Users\\Yannick\\Documents\\keepCoding\\Full-stack-projects\\Node-Full-Stack-Projects\\MERN-ECOMMERCE-APPLICATION","execPath":"C:\\Program Files\\nodejs\\node.exe","gid":null,"memoryUsage":{"arrayBuffers":23292068,"external":26356706,"heapTotal":176734208,"heapUsed":147393168,"rss":216875008},"pid":10664,"uid":null,"version":"v20.11.0"},"stack":"TypeError: app.use() requires a middleware function\n    at Function.use (C:\\Users\\Yannick\\Documents\\keepCoding\\Full-stack-projects\\Node-Full-Stack-Projects\\MERN-ECOMMERCE-APPLICATION\\node_modules\\express\\lib\\application.js:217:11)\n    at App.initializeRoutes (C:\\Users\\Yannick\\Documents\\keepCoding\\Full-stack-projects\\Node-Full-Stack-Projects\\MERN-ECOMMERCE-APPLICATION\\src\\server.ts:47:14)\n    at new App (C:\\Users\\Yannick\\Documents\\keepCoding\\Full-stack-projects\\Node-Full-Stack-Projects\\MERN-ECOMMERCE-APPLICATION\\src\\server.ts:30:10)\n    at Object.<anonymous> (C:\\Users\\Yannick\\Documents\\keepCoding\\Full-stack-projects\\Node-Full-Stack-Projects\\MERN-ECOMMERCE-APPLICATION\\src\\server.ts:66:13)\n    at Module._compile (node:internal/modules/cjs/loader:1376:14)\n    at Module.m._compile (C:\\Users\\Yannick\\AppData\\Roaming\\npm\\node_modules\\ts-node\\src\\index.ts:1618:23)\n    at Module._extensions..js (node:internal/modules/cjs/loader:1435:10)\n    at Object.require.extensions.<computed> [as .ts] (C:\\Users\\Yannick\\AppData\\Roaming\\npm\\node_modules\\ts-node\\src\\index.ts:1621:12)\n    at Module.load (node:internal/modules/cjs/loader:1207:32)\n    at Function.Module._load (node:internal/modules/cjs/loader:1023:12)","timestamp":"2024-09-25T11:45:05.151Z","trace":[{"column":11,"file":"C:\\Users\\Yannick\\Documents\\keepCoding\\Full-stack-projects\\Node-Full-Stack-Projects\\MERN-ECOMMERCE-APPLICATION\\node_modules\\express\\lib\\application.js","function":"Function.use","line":217,"method":"use","native":false},{"column":14,"file":"C:\\Users\\Yannick\\Documents\\keepCoding\\Full-stack-projects\\Node-Full-Stack-Projects\\MERN-ECOMMERCE-APPLICATION\\src\\server.ts","function":"App.initializeRoutes","line":47,"method":"initializeRoutes","native":false},{"column":10,"file":"C:\\Users\\Yannick\\Documents\\keepCoding\\Full-stack-projects\\Node-Full-Stack-Projects\\MERN-ECOMMERCE-APPLICATION\\src\\server.ts","function":"new App","line":30,"method":null,"native":false},{"column":13,"file":"C:\\Users\\Yannick\\Documents\\keepCoding\\Full-stack-projects\\Node-Full-Stack-Projects\\MERN-ECOMMERCE-APPLICATION\\src\\server.ts","function":null,"line":66,"method":null,"native":false},{"column":14,"file":"node:internal/modules/cjs/loader","function":"Module._compile","line":1376,"method":"_compile","native":false},{"column":23,"file":"C:\\Users\\Yannick\\AppData\\Roaming\\npm\\node_modules\\ts-node\\src\\index.ts","function":"Module.m._compile","line":1618,"method":"_compile","native":false},{"column":10,"file":"node:internal/modules/cjs/loader","function":"Module._extensions..js","line":1435,"method":".js","native":false},{"column":12,"file":"C:\\Users\\Yannick\\AppData\\Roaming\\npm\\node_modules\\ts-node\\src\\index.ts","function":"Object.require.extensions.<computed> [as .ts]","line":1621,"method":"ts]","native":false},{"column":32,"file":"node:internal/modules/cjs/loader","function":"Module.load","line":1207,"method":"load","native":false},{"column":12,"file":"node:internal/modules/cjs/loader","function":"Module._load","line":1023,"method":"_load","native":false}]}
error: uncaughtException: app.use() requires a middleware function
TypeError: app.use() requires a middleware function
    at Function.use (C:\Users\Yannick\Documents\keepCoding\Full-stack-projects\Node-Full-Stack-Projects\MERN-ECOMMERCE-APPLICATION\node_modules\express\lib\application.js:217:11)
    at App.initializeRoutes (C:\Users\Yannick\Documents\keepCoding\Full-stack-projects\Node-Full-Stack-Projects\MERN-ECOMMERCE-APPLICATION\src\server.ts:47:14)
    at new App (C:\Users\Yannick\Documents\keepCoding\Full-stack-projects\Node-Full-Stack-Projects\MERN-ECOMMERCE-APPLICATION\src\server.ts:30:10)
    at Object.<anonymous> (C:\Users\Yannick\Documents\keepCoding\Full-stack-projects\Node-Full-Stack-Projects\MERN-ECOMMERCE-APPLICATION\src\server.ts:66:13)
    at Module._compile (node:internal/modules/cjs/loader:1376:14)
    at Module.m._compile (C:\Users\Yannick\AppData\Roaming\npm\node_modules\ts-node\src\index.ts:1618:23)
    at Module._extensions..js (node:internal/modules/cjs/loader:1435:10)
    at Object.require.extensions.<computed> [as .ts] (C:\Users\Yannick\AppData\Roaming\npm\node_modules\ts-node\src\index.ts:1621:12)
    at Module.load (node:internal/modules/cjs/loader:1207:32)
    at Function.Module._load (node:internal/modules/cjs/loader:1023:12) {"date":"Wed Sep 25 2024 04:54:02 GMT-0700 (Pacific Daylight Time)","error":{},"exception":true,"os":{"loadavg":[0,0,0],"uptime":8888.312},"process":{"argv":["C:\\Users\\Yannick\\AppData\\Roaming\\npm\\node_modules\\ts-node\\dist\\bin.js","C:\\Users\\Yannick\\Documents\\keepCoding\\Full-stack-projects\\Node-Full-Stack-Projects\\MERN-ECOMMERCE-APPLICATION\\src\\server.ts"],"cwd":"C:\\Users\\Yannick\\Documents\\keepCoding\\Full-stack-projects\\Node-Full-Stack-Projects\\MERN-ECOMMERCE-APPLICATION","execPath":"C:\\Program Files\\nodejs\\node.exe","gid":null,"memoryUsage":{"arrayBuffers":22866030,"external":25930668,"heapTotal":177258496,"heapUsed":146566336,"rss":217296896},"pid":13808,"uid":null,"version":"v20.11.0"},"stack":"TypeError: app.use() requires a middleware function\n    at Function.use (C:\\Users\\Yannick\\Documents\\keepCoding\\Full-stack-projects\\Node-Full-Stack-Projects\\MERN-ECOMMERCE-APPLICATION\\node_modules\\express\\lib\\application.js:217:11)\n    at App.initializeRoutes (C:\\Users\\Yannick\\Documents\\keepCoding\\Full-stack-projects\\Node-Full-Stack-Projects\\MERN-ECOMMERCE-APPLICATION\\src\\server.ts:47:14)\n    at new App (C:\\Users\\Yannick\\Documents\\keepCoding\\Full-stack-projects\\Node-Full-Stack-Projects\\MERN-ECOMMERCE-APPLICATION\\src\\server.ts:30:10)\n    at Object.<anonymous> (C:\\Users\\Yannick\\Documents\\keepCoding\\Full-stack-projects\\Node-Full-Stack-Projects\\MERN-ECOMMERCE-APPLICATION\\src\\server.ts:66:13)\n    at Module._compile (node:internal/modules/cjs/loader:1376:14)\n    at Module.m._compile (C:\\Users\\Yannick\\AppData\\Roaming\\npm\\node_modules\\ts-node\\src\\index.ts:1618:23)\n    at Module._extensions..js (node:internal/modules/cjs/loader:1435:10)\n    at Object.require.extensions.<computed> [as .ts] (C:\\Users\\Yannick\\AppData\\Roaming\\npm\\node_modules\\ts-node\\src\\index.ts:1621:12)\n    at Module.load (node:internal/modules/cjs/loader:1207:32)\n    at Function.Module._load (node:internal/modules/cjs/loader:1023:12)","timestamp":"2024-09-25T11:54:02.599Z","trace":[{"column":11,"file":"C:\\Users\\Yannick\\Documents\\keepCoding\\Full-stack-projects\\Node-Full-Stack-Projects\\MERN-ECOMMERCE-APPLICATION\\node_modules\\express\\lib\\application.js","function":"Function.use","line":217,"method":"use","native":false},{"column":14,"file":"C:\\Users\\Yannick\\Documents\\keepCoding\\Full-stack-projects\\Node-Full-Stack-Projects\\MERN-ECOMMERCE-APPLICATION\\src\\server.ts","function":"App.initializeRoutes","line":47,"method":"initializeRoutes","native":false},{"column":10,"file":"C:\\Users\\Yannick\\Documents\\keepCoding\\Full-stack-projects\\Node-Full-Stack-Projects\\MERN-ECOMMERCE-APPLICATION\\src\\server.ts","function":"new App","line":30,"method":null,"native":false},{"column":13,"file":"C:\\Users\\Yannick\\Documents\\keepCoding\\Full-stack-projects\\Node-Full-Stack-Projects\\MERN-ECOMMERCE-APPLICATION\\src\\server.ts","function":null,"line":66,"method":null,"native":false},{"column":14,"file":"node:internal/modules/cjs/loader","function":"Module._compile","line":1376,"method":"_compile","native":false},{"column":23,"file":"C:\\Users\\Yannick\\AppData\\Roaming\\npm\\node_modules\\ts-node\\src\\index.ts","function":"Module.m._compile","line":1618,"method":"_compile","native":false},{"column":10,"file":"node:internal/modules/cjs/loader","function":"Module._extensions..js","line":1435,"method":".js","native":false},{"column":12,"file":"C:\\Users\\Yannick\\AppData\\Roaming\\npm\\node_modules\\ts-node\\src\\index.ts","function":"Object.require.extensions.<computed> [as .ts]","line":1621,"method":"ts]","native":false},{"column":32,"file":"node:internal/modules/cjs/loader","function":"Module.load","line":1207,"method":"load","native":false},{"column":12,"file":"node:internal/modules/cjs/loader","function":"Module._load","line":1023,"method":"_load","native":false}]}
error: uncaughtException: app.use() requires a middleware function
TypeError: app.use() requires a middleware function
    at Function.use (C:\Users\Yannick\Documents\keepCoding\Full-stack-projects\Node-Full-Stack-Projects\MERN-ECOMMERCE-APPLICATION\node_modules\express\lib\application.js:217:11)
    at App.initializeRoutes (C:\Users\Yannick\Documents\keepCoding\Full-stack-projects\Node-Full-Stack-Projects\MERN-ECOMMERCE-APPLICATION\src\server.ts:47:14)
    at new App (C:\Users\Yannick\Documents\keepCoding\Full-stack-projects\Node-Full-Stack-Projects\MERN-ECOMMERCE-APPLICATION\src\server.ts:30:10)
    at Object.<anonymous> (C:\Users\Yannick\Documents\keepCoding\Full-stack-projects\Node-Full-Stack-Projects\MERN-ECOMMERCE-APPLICATION\src\server.ts:66:13)
    at Module._compile (node:internal/modules/cjs/loader:1376:14)
    at Module.m._compile (C:\Users\Yannick\AppData\Roaming\npm\node_modules\ts-node\src\index.ts:1618:23)
    at Module._extensions..js (node:internal/modules/cjs/loader:1435:10)
    at Object.require.extensions.<computed> [as .ts] (C:\Users\Yannick\AppData\Roaming\npm\node_modules\ts-node\src\index.ts:1621:12)
    at Module.load (node:internal/modules/cjs/loader:1207:32)
    at Function.Module._load (node:internal/modules/cjs/loader:1023:12) {"date":"Wed Sep 25 2024 04:57:05 GMT-0700 (Pacific Daylight Time)","error":{},"exception":true,"os":{"loadavg":[0,0,0],"uptime":9071.343},"process":{"argv":["C:\\Users\\Yannick\\AppData\\Roaming\\npm\\node_modules\\ts-node\\dist\\bin.js","C:\\Users\\Yannick\\Documents\\keepCoding\\Full-stack-projects\\Node-Full-Stack-Projects\\MERN-ECOMMERCE-APPLICATION\\src\\server.ts"],"cwd":"C:\\Users\\Yannick\\Documents\\keepCoding\\Full-stack-projects\\Node-Full-Stack-Projects\\MERN-ECOMMERCE-APPLICATION","execPath":"C:\\Program Files\\nodejs\\node.exe","gid":null,"memoryUsage":{"arrayBuffers":23292086,"external":26356724,"heapTotal":178831360,"heapUsed":149097152,"rss":219549696},"pid":7992,"uid":null,"version":"v20.11.0"},"stack":"TypeError: app.use() requires a middleware function\n    at Function.use (C:\\Users\\Yannick\\Documents\\keepCoding\\Full-stack-projects\\Node-Full-Stack-Projects\\MERN-ECOMMERCE-APPLICATION\\node_modules\\express\\lib\\application.js:217:11)\n    at App.initializeRoutes (C:\\Users\\Yannick\\Documents\\keepCoding\\Full-stack-projects\\Node-Full-Stack-Projects\\MERN-ECOMMERCE-APPLICATION\\src\\server.ts:47:14)\n    at new App (C:\\Users\\Yannick\\Documents\\keepCoding\\Full-stack-projects\\Node-Full-Stack-Projects\\MERN-ECOMMERCE-APPLICATION\\src\\server.ts:30:10)\n    at Object.<anonymous> (C:\\Users\\Yannick\\Documents\\keepCoding\\Full-stack-projects\\Node-Full-Stack-Projects\\MERN-ECOMMERCE-APPLICATION\\src\\server.ts:66:13)\n    at Module._compile (node:internal/modules/cjs/loader:1376:14)\n    at Module.m._compile (C:\\Users\\Yannick\\AppData\\Roaming\\npm\\node_modules\\ts-node\\src\\index.ts:1618:23)\n    at Module._extensions..js (node:internal/modules/cjs/loader:1435:10)\n    at Object.require.extensions.<computed> [as .ts] (C:\\Users\\Yannick\\AppData\\Roaming\\npm\\node_modules\\ts-node\\src\\index.ts:1621:12)\n    at Module.load (node:internal/modules/cjs/loader:1207:32)\n    at Function.Module._load (node:internal/modules/cjs/loader:1023:12)","timestamp":"2024-09-25T11:57:05.629Z","trace":[{"column":11,"file":"C:\\Users\\Yannick\\Documents\\keepCoding\\Full-stack-projects\\Node-Full-Stack-Projects\\MERN-ECOMMERCE-APPLICATION\\node_modules\\express\\lib\\application.js","function":"Function.use","line":217,"method":"use","native":false},{"column":14,"file":"C:\\Users\\Yannick\\Documents\\keepCoding\\Full-stack-projects\\Node-Full-Stack-Projects\\MERN-ECOMMERCE-APPLICATION\\src\\server.ts","function":"App.initializeRoutes","line":47,"method":"initializeRoutes","native":false},{"column":10,"file":"C:\\Users\\Yannick\\Documents\\keepCoding\\Full-stack-projects\\Node-Full-Stack-Projects\\MERN-ECOMMERCE-APPLICATION\\src\\server.ts","function":"new App","line":30,"method":null,"native":false},{"column":13,"file":"C:\\Users\\Yannick\\Documents\\keepCoding\\Full-stack-projects\\Node-Full-Stack-Projects\\MERN-ECOMMERCE-APPLICATION\\src\\server.ts","function":null,"line":66,"method":null,"native":false},{"column":14,"file":"node:internal/modules/cjs/loader","function":"Module._compile","line":1376,"method":"_compile","native":false},{"column":23,"file":"C:\\Users\\Yannick\\AppData\\Roaming\\npm\\node_modules\\ts-node\\src\\index.ts","function":"Module.m._compile","line":1618,"method":"_compile","native":false},{"column":10,"file":"node:internal/modules/cjs/loader","function":"Module._extensions..js","line":1435,"method":".js","native":false},{"column":12,"file":"C:\\Users\\Yannick\\AppData\\Roaming\\npm\\node_modules\\ts-node\\src\\index.ts","function":"Object.require.extensions.<computed> [as .ts]","line":1621,"method":"ts]","native":false},{"column":32,"file":"node:internal/modules/cjs/loader","function":"Module.load","line":1207,"method":"load","native":false},{"column":12,"file":"node:internal/modules/cjs/loader","function":"Module._load","line":1023,"method":"_load","native":false}]}
error: uncaughtException: app.use() requires a middleware function
TypeError: app.use() requires a middleware function
    at Function.use (C:\Users\Yannick\Documents\keepCoding\Full-stack-projects\Node-Full-Stack-Projects\MERN-ECOMMERCE-APPLICATION\node_modules\express\lib\application.js:217:11)
    at App.initializeRoutes (C:\Users\Yannick\Documents\keepCoding\Full-stack-projects\Node-Full-Stack-Projects\MERN-ECOMMERCE-APPLICATION\src\server.ts:47:14)
    at new App (C:\Users\Yannick\Documents\keepCoding\Full-stack-projects\Node-Full-Stack-Projects\MERN-ECOMMERCE-APPLICATION\src\server.ts:30:10)
    at Object.<anonymous> (C:\Users\Yannick\Documents\keepCoding\Full-stack-projects\Node-Full-Stack-Projects\MERN-ECOMMERCE-APPLICATION\src\server.ts:66:13)
    at Module._compile (node:internal/modules/cjs/loader:1376:14)
    at Module.m._compile (C:\Users\Yannick\AppData\Roaming\npm\node_modules\ts-node\src\index.ts:1618:23)
    at Module._extensions..js (node:internal/modules/cjs/loader:1435:10)
    at Object.require.extensions.<computed> [as .ts] (C:\Users\Yannick\AppData\Roaming\npm\node_modules\ts-node\src\index.ts:1621:12)
    at Module.load (node:internal/modules/cjs/loader:1207:32)
    at Function.Module._load (node:internal/modules/cjs/loader:1023:12) {"date":"Wed Sep 25 2024 04:57:40 GMT-0700 (Pacific Daylight Time)","error":{},"exception":true,"os":{"loadavg":[0,0,0],"uptime":9106.578},"process":{"argv":["C:\\Users\\Yannick\\AppData\\Roaming\\npm\\node_modules\\ts-node\\dist\\bin.js","C:\\Users\\Yannick\\Documents\\keepCoding\\Full-stack-projects\\Node-Full-Stack-Projects\\MERN-ECOMMERCE-APPLICATION\\src\\server.ts"],"cwd":"C:\\Users\\Yannick\\Documents\\keepCoding\\Full-stack-projects\\Node-Full-Stack-Projects\\MERN-ECOMMERCE-APPLICATION","execPath":"C:\\Program Files\\nodejs\\node.exe","gid":null,"memoryUsage":{"arrayBuffers":22865942,"external":25930580,"heapTotal":177520640,"heapUsed":145741864,"rss":216219648},"pid":13932,"uid":null,"version":"v20.11.0"},"stack":"TypeError: app.use() requires a middleware function\n    at Function.use (C:\\Users\\Yannick\\Documents\\keepCoding\\Full-stack-projects\\Node-Full-Stack-Projects\\MERN-ECOMMERCE-APPLICATION\\node_modules\\express\\lib\\application.js:217:11)\n    at App.initializeRoutes (C:\\Users\\Yannick\\Documents\\keepCoding\\Full-stack-projects\\Node-Full-Stack-Projects\\MERN-ECOMMERCE-APPLICATION\\src\\server.ts:47:14)\n    at new App (C:\\Users\\Yannick\\Documents\\keepCoding\\Full-stack-projects\\Node-Full-Stack-Projects\\MERN-ECOMMERCE-APPLICATION\\src\\server.ts:30:10)\n    at Object.<anonymous> (C:\\Users\\Yannick\\Documents\\keepCoding\\Full-stack-projects\\Node-Full-Stack-Projects\\MERN-ECOMMERCE-APPLICATION\\src\\server.ts:66:13)\n    at Module._compile (node:internal/modules/cjs/loader:1376:14)\n    at Module.m._compile (C:\\Users\\Yannick\\AppData\\Roaming\\npm\\node_modules\\ts-node\\src\\index.ts:1618:23)\n    at Module._extensions..js (node:internal/modules/cjs/loader:1435:10)\n    at Object.require.extensions.<computed> [as .ts] (C:\\Users\\Yannick\\AppData\\Roaming\\npm\\node_modules\\ts-node\\src\\index.ts:1621:12)\n    at Module.load (node:internal/modules/cjs/loader:1207:32)\n    at Function.Module._load (node:internal/modules/cjs/loader:1023:12)","timestamp":"2024-09-25T11:57:40.862Z","trace":[{"column":11,"file":"C:\\Users\\Yannick\\Documents\\keepCoding\\Full-stack-projects\\Node-Full-Stack-Projects\\MERN-ECOMMERCE-APPLICATION\\node_modules\\express\\lib\\application.js","function":"Function.use","line":217,"method":"use","native":false},{"column":14,"file":"C:\\Users\\Yannick\\Documents\\keepCoding\\Full-stack-projects\\Node-Full-Stack-Projects\\MERN-ECOMMERCE-APPLICATION\\src\\server.ts","function":"App.initializeRoutes","line":47,"method":"initializeRoutes","native":false},{"column":10,"file":"C:\\Users\\Yannick\\Documents\\keepCoding\\Full-stack-projects\\Node-Full-Stack-Projects\\MERN-ECOMMERCE-APPLICATION\\src\\server.ts","function":"new App","line":30,"method":null,"native":false},{"column":13,"file":"C:\\Users\\Yannick\\Documents\\keepCoding\\Full-stack-projects\\Node-Full-Stack-Projects\\MERN-ECOMMERCE-APPLICATION\\src\\server.ts","function":null,"line":66,"method":null,"native":false},{"column":14,"file":"node:internal/modules/cjs/loader","function":"Module._compile","line":1376,"method":"_compile","native":false},{"column":23,"file":"C:\\Users\\Yannick\\AppData\\Roaming\\npm\\node_modules\\ts-node\\src\\index.ts","function":"Module.m._compile","line":1618,"method":"_compile","native":false},{"column":10,"file":"node:internal/modules/cjs/loader","function":"Module._extensions..js","line":1435,"method":".js","native":false},{"column":12,"file":"C:\\Users\\Yannick\\AppData\\Roaming\\npm\\node_modules\\ts-node\\src\\index.ts","function":"Object.require.extensions.<computed> [as .ts]","line":1621,"method":"ts]","native":false},{"column":32,"file":"node:internal/modules/cjs/loader","function":"Module.load","line":1207,"method":"load","native":false},{"column":12,"file":"node:internal/modules/cjs/loader","function":"Module._load","line":1023,"method":"_load","native":false}]}
error: uncaughtException: app.use() requires a middleware function
TypeError: app.use() requires a middleware function
    at Function.use (C:\Users\Yannick\Documents\keepCoding\Full-stack-projects\Node-Full-Stack-Projects\MERN-ECOMMERCE-APPLICATION\node_modules\express\lib\application.js:217:11)
    at App.initializeRoutes (C:\Users\Yannick\Documents\keepCoding\Full-stack-projects\Node-Full-Stack-Projects\MERN-ECOMMERCE-APPLICATION\src\server.ts:47:14)
    at new App (C:\Users\Yannick\Documents\keepCoding\Full-stack-projects\Node-Full-Stack-Projects\MERN-ECOMMERCE-APPLICATION\src\server.ts:30:10)
    at Object.<anonymous> (C:\Users\Yannick\Documents\keepCoding\Full-stack-projects\Node-Full-Stack-Projects\MERN-ECOMMERCE-APPLICATION\src\server.ts:66:13)
    at Module._compile (node:internal/modules/cjs/loader:1376:14)
    at Module.m._compile (C:\Users\Yannick\AppData\Roaming\npm\node_modules\ts-node\src\index.ts:1618:23)
    at Module._extensions..js (node:internal/modules/cjs/loader:1435:10)
    at Object.require.extensions.<computed> [as .ts] (C:\Users\Yannick\AppData\Roaming\npm\node_modules\ts-node\src\index.ts:1621:12)
    at Module.load (node:internal/modules/cjs/loader:1207:32)
    at Function.Module._load (node:internal/modules/cjs/loader:1023:12) {"date":"Wed Sep 25 2024 04:58:11 GMT-0700 (Pacific Daylight Time)","error":{},"exception":true,"os":{"loadavg":[0,0,0],"uptime":9137.625},"process":{"argv":["C:\\Users\\Yannick\\AppData\\Roaming\\npm\\node_modules\\ts-node\\dist\\bin.js","C:\\Users\\Yannick\\Documents\\keepCoding\\Full-stack-projects\\Node-Full-Stack-Projects\\MERN-ECOMMERCE-APPLICATION\\src\\server.ts"],"cwd":"C:\\Users\\Yannick\\Documents\\keepCoding\\Full-stack-projects\\Node-Full-Stack-Projects\\MERN-ECOMMERCE-APPLICATION","execPath":"C:\\Program Files\\nodejs\\node.exe","gid":null,"memoryUsage":{"arrayBuffers":23292118,"external":26356756,"heapTotal":176734208,"heapUsed":147813752,"rss":216592384},"pid":10508,"uid":null,"version":"v20.11.0"},"stack":"TypeError: app.use() requires a middleware function\n    at Function.use (C:\\Users\\Yannick\\Documents\\keepCoding\\Full-stack-projects\\Node-Full-Stack-Projects\\MERN-ECOMMERCE-APPLICATION\\node_modules\\express\\lib\\application.js:217:11)\n    at App.initializeRoutes (C:\\Users\\Yannick\\Documents\\keepCoding\\Full-stack-projects\\Node-Full-Stack-Projects\\MERN-ECOMMERCE-APPLICATION\\src\\server.ts:47:14)\n    at new App (C:\\Users\\Yannick\\Documents\\keepCoding\\Full-stack-projects\\Node-Full-Stack-Projects\\MERN-ECOMMERCE-APPLICATION\\src\\server.ts:30:10)\n    at Object.<anonymous> (C:\\Users\\Yannick\\Documents\\keepCoding\\Full-stack-projects\\Node-Full-Stack-Projects\\MERN-ECOMMERCE-APPLICATION\\src\\server.ts:66:13)\n    at Module._compile (node:internal/modules/cjs/loader:1376:14)\n    at Module.m._compile (C:\\Users\\Yannick\\AppData\\Roaming\\npm\\node_modules\\ts-node\\src\\index.ts:1618:23)\n    at Module._extensions..js (node:internal/modules/cjs/loader:1435:10)\n    at Object.require.extensions.<computed> [as .ts] (C:\\Users\\Yannick\\AppData\\Roaming\\npm\\node_modules\\ts-node\\src\\index.ts:1621:12)\n    at Module.load (node:internal/modules/cjs/loader:1207:32)\n    at Function.Module._load (node:internal/modules/cjs/loader:1023:12)","timestamp":"2024-09-25T11:58:11.906Z","trace":[{"column":11,"file":"C:\\Users\\Yannick\\Documents\\keepCoding\\Full-stack-projects\\Node-Full-Stack-Projects\\MERN-ECOMMERCE-APPLICATION\\node_modules\\express\\lib\\application.js","function":"Function.use","line":217,"method":"use","native":false},{"column":14,"file":"C:\\Users\\Yannick\\Documents\\keepCoding\\Full-stack-projects\\Node-Full-Stack-Projects\\MERN-ECOMMERCE-APPLICATION\\src\\server.ts","function":"App.initializeRoutes","line":47,"method":"initializeRoutes","native":false},{"column":10,"file":"C:\\Users\\Yannick\\Documents\\keepCoding\\Full-stack-projects\\Node-Full-Stack-Projects\\MERN-ECOMMERCE-APPLICATION\\src\\server.ts","function":"new App","line":30,"method":null,"native":false},{"column":13,"file":"C:\\Users\\Yannick\\Documents\\keepCoding\\Full-stack-projects\\Node-Full-Stack-Projects\\MERN-ECOMMERCE-APPLICATION\\src\\server.ts","function":null,"line":66,"method":null,"native":false},{"column":14,"file":"node:internal/modules/cjs/loader","function":"Module._compile","line":1376,"method":"_compile","native":false},{"column":23,"file":"C:\\Users\\Yannick\\AppData\\Roaming\\npm\\node_modules\\ts-node\\src\\index.ts","function":"Module.m._compile","line":1618,"method":"_compile","native":false},{"column":10,"file":"node:internal/modules/cjs/loader","function":"Module._extensions..js","line":1435,"method":".js","native":false},{"column":12,"file":"C:\\Users\\Yannick\\AppData\\Roaming\\npm\\node_modules\\ts-node\\src\\index.ts","function":"Object.require.extensions.<computed> [as .ts]","line":1621,"method":"ts]","native":false},{"column":32,"file":"node:internal/modules/cjs/loader","function":"Module.load","line":1207,"method":"load","native":false},{"column":12,"file":"node:internal/modules/cjs/loader","function":"Module._load","line":1023,"method":"_load","native":false}]}
error: uncaughtException: app.use() requires a middleware function
TypeError: app.use() requires a middleware function
    at Function.use (C:\Users\Yannick\Documents\keepCoding\Full-stack-projects\Node-Full-Stack-Projects\MERN-ECOMMERCE-APPLICATION\node_modules\express\lib\application.js:217:11)
    at App.initializeRoutes (C:\Users\Yannick\Documents\keepCoding\Full-stack-projects\Node-Full-Stack-Projects\MERN-ECOMMERCE-APPLICATION\src\server.ts:47:14)
    at new App (C:\Users\Yannick\Documents\keepCoding\Full-stack-projects\Node-Full-Stack-Projects\MERN-ECOMMERCE-APPLICATION\src\server.ts:30:10)
    at Object.<anonymous> (C:\Users\Yannick\Documents\keepCoding\Full-stack-projects\Node-Full-Stack-Projects\MERN-ECOMMERCE-APPLICATION\src\server.ts:66:13)
    at Module._compile (node:internal/modules/cjs/loader:1376:14)
    at Module.m._compile (C:\Users\Yannick\AppData\Roaming\npm\node_modules\ts-node\src\index.ts:1618:23)
    at Module._extensions..js (node:internal/modules/cjs/loader:1435:10)
    at Object.require.extensions.<computed> [as .ts] (C:\Users\Yannick\AppData\Roaming\npm\node_modules\ts-node\src\index.ts:1621:12)
    at Module.load (node:internal/modules/cjs/loader:1207:32)
    at Function.Module._load (node:internal/modules/cjs/loader:1023:12) {"date":"Wed Sep 25 2024 04:58:25 GMT-0700 (Pacific Daylight Time)","error":{},"exception":true,"os":{"loadavg":[0,0,0],"uptime":9151.671},"process":{"argv":["C:\\Users\\Yannick\\AppData\\Roaming\\npm\\node_modules\\ts-node\\dist\\bin.js","C:\\Users\\Yannick\\Documents\\keepCoding\\Full-stack-projects\\Node-Full-Stack-Projects\\MERN-ECOMMERCE-APPLICATION\\src\\server.ts"],"cwd":"C:\\Users\\Yannick\\Documents\\keepCoding\\Full-stack-projects\\Node-Full-Stack-Projects\\MERN-ECOMMERCE-APPLICATION","execPath":"C:\\Program Files\\nodejs\\node.exe","gid":null,"memoryUsage":{"arrayBuffers":22866038,"external":25930676,"heapTotal":177258496,"heapUsed":145559952,"rss":216940544},"pid":13688,"uid":null,"version":"v20.11.0"},"stack":"TypeError: app.use() requires a middleware function\n    at Function.use (C:\\Users\\Yannick\\Documents\\keepCoding\\Full-stack-projects\\Node-Full-Stack-Projects\\MERN-ECOMMERCE-APPLICATION\\node_modules\\express\\lib\\application.js:217:11)\n    at App.initializeRoutes (C:\\Users\\Yannick\\Documents\\keepCoding\\Full-stack-projects\\Node-Full-Stack-Projects\\MERN-ECOMMERCE-APPLICATION\\src\\server.ts:47:14)\n    at new App (C:\\Users\\Yannick\\Documents\\keepCoding\\Full-stack-projects\\Node-Full-Stack-Projects\\MERN-ECOMMERCE-APPLICATION\\src\\server.ts:30:10)\n    at Object.<anonymous> (C:\\Users\\Yannick\\Documents\\keepCoding\\Full-stack-projects\\Node-Full-Stack-Projects\\MERN-ECOMMERCE-APPLICATION\\src\\server.ts:66:13)\n    at Module._compile (node:internal/modules/cjs/loader:1376:14)\n    at Module.m._compile (C:\\Users\\Yannick\\AppData\\Roaming\\npm\\node_modules\\ts-node\\src\\index.ts:1618:23)\n    at Module._extensions..js (node:internal/modules/cjs/loader:1435:10)\n    at Object.require.extensions.<computed> [as .ts] (C:\\Users\\Yannick\\AppData\\Roaming\\npm\\node_modules\\ts-node\\src\\index.ts:1621:12)\n    at Module.load (node:internal/modules/cjs/loader:1207:32)\n    at Function.Module._load (node:internal/modules/cjs/loader:1023:12)","timestamp":"2024-09-25T11:58:25.950Z","trace":[{"column":11,"file":"C:\\Users\\Yannick\\Documents\\keepCoding\\Full-stack-projects\\Node-Full-Stack-Projects\\MERN-ECOMMERCE-APPLICATION\\node_modules\\express\\lib\\application.js","function":"Function.use","line":217,"method":"use","native":false},{"column":14,"file":"C:\\Users\\Yannick\\Documents\\keepCoding\\Full-stack-projects\\Node-Full-Stack-Projects\\MERN-ECOMMERCE-APPLICATION\\src\\server.ts","function":"App.initializeRoutes","line":47,"method":"initializeRoutes","native":false},{"column":10,"file":"C:\\Users\\Yannick\\Documents\\keepCoding\\Full-stack-projects\\Node-Full-Stack-Projects\\MERN-ECOMMERCE-APPLICATION\\src\\server.ts","function":"new App","line":30,"method":null,"native":false},{"column":13,"file":"C:\\Users\\Yannick\\Documents\\keepCoding\\Full-stack-projects\\Node-Full-Stack-Projects\\MERN-ECOMMERCE-APPLICATION\\src\\server.ts","function":null,"line":66,"method":null,"native":false},{"column":14,"file":"node:internal/modules/cjs/loader","function":"Module._compile","line":1376,"method":"_compile","native":false},{"column":23,"file":"C:\\Users\\Yannick\\AppData\\Roaming\\npm\\node_modules\\ts-node\\src\\index.ts","function":"Module.m._compile","line":1618,"method":"_compile","native":false},{"column":10,"file":"node:internal/modules/cjs/loader","function":"Module._extensions..js","line":1435,"method":".js","native":false},{"column":12,"file":"C:\\Users\\Yannick\\AppData\\Roaming\\npm\\node_modules\\ts-node\\src\\index.ts","function":"Object.require.extensions.<computed> [as .ts]","line":1621,"method":"ts]","native":false},{"column":32,"file":"node:internal/modules/cjs/loader","function":"Module.load","line":1207,"method":"load","native":false},{"column":12,"file":"node:internal/modules/cjs/loader","function":"Module._load","line":1023,"method":"_load","native":false}]}
error: uncaughtException: app.use() requires a middleware function
TypeError: app.use() requires a middleware function
    at Function.use (C:\Users\Yannick\Documents\keepCoding\Full-stack-projects\Node-Full-Stack-Projects\MERN-ECOMMERCE-APPLICATION\node_modules\express\lib\application.js:217:11)
    at App.initializeRoutes (C:\Users\Yannick\Documents\keepCoding\Full-stack-projects\Node-Full-Stack-Projects\MERN-ECOMMERCE-APPLICATION\src\server.ts:47:14)
    at new App (C:\Users\Yannick\Documents\keepCoding\Full-stack-projects\Node-Full-Stack-Projects\MERN-ECOMMERCE-APPLICATION\src\server.ts:30:10)
    at Object.<anonymous> (C:\Users\Yannick\Documents\keepCoding\Full-stack-projects\Node-Full-Stack-Projects\MERN-ECOMMERCE-APPLICATION\src\server.ts:66:13)
    at Module._compile (node:internal/modules/cjs/loader:1376:14)
    at Module.m._compile (C:\Users\Yannick\AppData\Roaming\npm\node_modules\ts-node\src\index.ts:1618:23)
    at Module._extensions..js (node:internal/modules/cjs/loader:1435:10)
    at Object.require.extensions.<computed> [as .ts] (C:\Users\Yannick\AppData\Roaming\npm\node_modules\ts-node\src\index.ts:1621:12)
    at Module.load (node:internal/modules/cjs/loader:1207:32)
    at Function.Module._load (node:internal/modules/cjs/loader:1023:12) {"date":"Wed Sep 25 2024 04:58:50 GMT-0700 (Pacific Daylight Time)","error":{},"exception":true,"os":{"loadavg":[0,0,0],"uptime":9176.109},"process":{"argv":["C:\\Users\\Yannick\\AppData\\Roaming\\npm\\node_modules\\ts-node\\dist\\bin.js","C:\\Users\\Yannick\\Documents\\keepCoding\\Full-stack-projects\\Node-Full-Stack-Projects\\MERN-ECOMMERCE-APPLICATION\\src\\server.ts"],"cwd":"C:\\Users\\Yannick\\Documents\\keepCoding\\Full-stack-projects\\Node-Full-Stack-Projects\\MERN-ECOMMERCE-APPLICATION","execPath":"C:\\Program Files\\nodejs\\node.exe","gid":null,"memoryUsage":{"arrayBuffers":23292030,"external":26356668,"heapTotal":176996352,"heapUsed":147504056,"rss":216920064},"pid":7496,"uid":null,"version":"v20.11.0"},"stack":"TypeError: app.use() requires a middleware function\n    at Function.use (C:\\Users\\Yannick\\Documents\\keepCoding\\Full-stack-projects\\Node-Full-Stack-Projects\\MERN-ECOMMERCE-APPLICATION\\node_modules\\express\\lib\\application.js:217:11)\n    at App.initializeRoutes (C:\\Users\\Yannick\\Documents\\keepCoding\\Full-stack-projects\\Node-Full-Stack-Projects\\MERN-ECOMMERCE-APPLICATION\\src\\server.ts:47:14)\n    at new App (C:\\Users\\Yannick\\Documents\\keepCoding\\Full-stack-projects\\Node-Full-Stack-Projects\\MERN-ECOMMERCE-APPLICATION\\src\\server.ts:30:10)\n    at Object.<anonymous> (C:\\Users\\Yannick\\Documents\\keepCoding\\Full-stack-projects\\Node-Full-Stack-Projects\\MERN-ECOMMERCE-APPLICATION\\src\\server.ts:66:13)\n    at Module._compile (node:internal/modules/cjs/loader:1376:14)\n    at Module.m._compile (C:\\Users\\Yannick\\AppData\\Roaming\\npm\\node_modules\\ts-node\\src\\index.ts:1618:23)\n    at Module._extensions..js (node:internal/modules/cjs/loader:1435:10)\n    at Object.require.extensions.<computed> [as .ts] (C:\\Users\\Yannick\\AppData\\Roaming\\npm\\node_modules\\ts-node\\src\\index.ts:1621:12)\n    at Module.load (node:internal/modules/cjs/loader:1207:32)\n    at Function.Module._load (node:internal/modules/cjs/loader:1023:12)","timestamp":"2024-09-25T11:58:50.389Z","trace":[{"column":11,"file":"C:\\Users\\Yannick\\Documents\\keepCoding\\Full-stack-projects\\Node-Full-Stack-Projects\\MERN-ECOMMERCE-APPLICATION\\node_modules\\express\\lib\\application.js","function":"Function.use","line":217,"method":"use","native":false},{"column":14,"file":"C:\\Users\\Yannick\\Documents\\keepCoding\\Full-stack-projects\\Node-Full-Stack-Projects\\MERN-ECOMMERCE-APPLICATION\\src\\server.ts","function":"App.initializeRoutes","line":47,"method":"initializeRoutes","native":false},{"column":10,"file":"C:\\Users\\Yannick\\Documents\\keepCoding\\Full-stack-projects\\Node-Full-Stack-Projects\\MERN-ECOMMERCE-APPLICATION\\src\\server.ts","function":"new App","line":30,"method":null,"native":false},{"column":13,"file":"C:\\Users\\Yannick\\Documents\\keepCoding\\Full-stack-projects\\Node-Full-Stack-Projects\\MERN-ECOMMERCE-APPLICATION\\src\\server.ts","function":null,"line":66,"method":null,"native":false},{"column":14,"file":"node:internal/modules/cjs/loader","function":"Module._compile","line":1376,"method":"_compile","native":false},{"column":23,"file":"C:\\Users\\Yannick\\AppData\\Roaming\\npm\\node_modules\\ts-node\\src\\index.ts","function":"Module.m._compile","line":1618,"method":"_compile","native":false},{"column":10,"file":"node:internal/modules/cjs/loader","function":"Module._extensions..js","line":1435,"method":".js","native":false},{"column":12,"file":"C:\\Users\\Yannick\\AppData\\Roaming\\npm\\node_modules\\ts-node\\src\\index.ts","function":"Object.require.extensions.<computed> [as .ts]","line":1621,"method":"ts]","native":false},{"column":32,"file":"node:internal/modules/cjs/loader","function":"Module.load","line":1207,"method":"load","native":false},{"column":12,"file":"node:internal/modules/cjs/loader","function":"Module._load","line":1023,"method":"_load","native":false}]}
error: uncaughtException: app.use() requires a middleware function
TypeError: app.use() requires a middleware function
    at Function.use (C:\Users\Yannick\Documents\keepCoding\Full-stack-projects\Node-Full-Stack-Projects\MERN-ECOMMERCE-APPLICATION\node_modules\express\lib\application.js:217:11)
    at App.initializeRoutes (C:\Users\Yannick\Documents\keepCoding\Full-stack-projects\Node-Full-Stack-Projects\MERN-ECOMMERCE-APPLICATION\src\server.ts:47:14)
    at new App (C:\Users\Yannick\Documents\keepCoding\Full-stack-projects\Node-Full-Stack-Projects\MERN-ECOMMERCE-APPLICATION\src\server.ts:30:10)
    at Object.<anonymous> (C:\Users\Yannick\Documents\keepCoding\Full-stack-projects\Node-Full-Stack-Projects\MERN-ECOMMERCE-APPLICATION\src\server.ts:66:13)
    at Module._compile (node:internal/modules/cjs/loader:1376:14)
    at Module.m._compile (C:\Users\Yannick\AppData\Roaming\npm\node_modules\ts-node\src\index.ts:1618:23)
    at Module._extensions..js (node:internal/modules/cjs/loader:1435:10)
    at Object.require.extensions.<computed> [as .ts] (C:\Users\Yannick\AppData\Roaming\npm\node_modules\ts-node\src\index.ts:1621:12)
    at Module.load (node:internal/modules/cjs/loader:1207:32)
    at Function.Module._load (node:internal/modules/cjs/loader:1023:12) {"date":"Wed Sep 25 2024 04:59:14 GMT-0700 (Pacific Daylight Time)","error":{},"exception":true,"os":{"loadavg":[0,0,0],"uptime":9200.328},"process":{"argv":["C:\\Users\\Yannick\\AppData\\Roaming\\npm\\node_modules\\ts-node\\dist\\bin.js","C:\\Users\\Yannick\\Documents\\keepCoding\\Full-stack-projects\\Node-Full-Stack-Projects\\MERN-ECOMMERCE-APPLICATION\\src\\server.ts"],"cwd":"C:\\Users\\Yannick\\Documents\\keepCoding\\Full-stack-projects\\Node-Full-Stack-Projects\\MERN-ECOMMERCE-APPLICATION","execPath":"C:\\Program Files\\nodejs\\node.exe","gid":null,"memoryUsage":{"arrayBuffers":22866126,"external":25930764,"heapTotal":177520640,"heapUsed":145684464,"rss":216498176},"pid":13460,"uid":null,"version":"v20.11.0"},"stack":"TypeError: app.use() requires a middleware function\n    at Function.use (C:\\Users\\Yannick\\Documents\\keepCoding\\Full-stack-projects\\Node-Full-Stack-Projects\\MERN-ECOMMERCE-APPLICATION\\node_modules\\express\\lib\\application.js:217:11)\n    at App.initializeRoutes (C:\\Users\\Yannick\\Documents\\keepCoding\\Full-stack-projects\\Node-Full-Stack-Projects\\MERN-ECOMMERCE-APPLICATION\\src\\server.ts:47:14)\n    at new App (C:\\Users\\Yannick\\Documents\\keepCoding\\Full-stack-projects\\Node-Full-Stack-Projects\\MERN-ECOMMERCE-APPLICATION\\src\\server.ts:30:10)\n    at Object.<anonymous> (C:\\Users\\Yannick\\Documents\\keepCoding\\Full-stack-projects\\Node-Full-Stack-Projects\\MERN-ECOMMERCE-APPLICATION\\src\\server.ts:66:13)\n    at Module._compile (node:internal/modules/cjs/loader:1376:14)\n    at Module.m._compile (C:\\Users\\Yannick\\AppData\\Roaming\\npm\\node_modules\\ts-node\\src\\index.ts:1618:23)\n    at Module._extensions..js (node:internal/modules/cjs/loader:1435:10)\n    at Object.require.extensions.<computed> [as .ts] (C:\\Users\\Yannick\\AppData\\Roaming\\npm\\node_modules\\ts-node\\src\\index.ts:1621:12)\n    at Module.load (node:internal/modules/cjs/loader:1207:32)\n    at Function.Module._load (node:internal/modules/cjs/loader:1023:12)","timestamp":"2024-09-25T11:59:14.614Z","trace":[{"column":11,"file":"C:\\Users\\Yannick\\Documents\\keepCoding\\Full-stack-projects\\Node-Full-Stack-Projects\\MERN-ECOMMERCE-APPLICATION\\node_modules\\express\\lib\\application.js","function":"Function.use","line":217,"method":"use","native":false},{"column":14,"file":"C:\\Users\\Yannick\\Documents\\keepCoding\\Full-stack-projects\\Node-Full-Stack-Projects\\MERN-ECOMMERCE-APPLICATION\\src\\server.ts","function":"App.initializeRoutes","line":47,"method":"initializeRoutes","native":false},{"column":10,"file":"C:\\Users\\Yannick\\Documents\\keepCoding\\Full-stack-projects\\Node-Full-Stack-Projects\\MERN-ECOMMERCE-APPLICATION\\src\\server.ts","function":"new App","line":30,"method":null,"native":false},{"column":13,"file":"C:\\Users\\Yannick\\Documents\\keepCoding\\Full-stack-projects\\Node-Full-Stack-Projects\\MERN-ECOMMERCE-APPLICATION\\src\\server.ts","function":null,"line":66,"method":null,"native":false},{"column":14,"file":"node:internal/modules/cjs/loader","function":"Module._compile","line":1376,"method":"_compile","native":false},{"column":23,"file":"C:\\Users\\Yannick\\AppData\\Roaming\\npm\\node_modules\\ts-node\\src\\index.ts","function":"Module.m._compile","line":1618,"method":"_compile","native":false},{"column":10,"file":"node:internal/modules/cjs/loader","function":"Module._extensions..js","line":1435,"method":".js","native":false},{"column":12,"file":"C:\\Users\\Yannick\\AppData\\Roaming\\npm\\node_modules\\ts-node\\src\\index.ts","function":"Object.require.extensions.<computed> [as .ts]","line":1621,"method":"ts]","native":false},{"column":32,"file":"node:internal/modules/cjs/loader","function":"Module.load","line":1207,"method":"load","native":false},{"column":12,"file":"node:internal/modules/cjs/loader","function":"Module._load","line":1023,"method":"_load","native":false}]}
error: uncaughtException: app.use() requires a middleware function
TypeError: app.use() requires a middleware function
    at Function.use (C:\Users\Yannick\Documents\keepCoding\Full-stack-projects\Node-Full-Stack-Projects\MERN-ECOMMERCE-APPLICATION\node_modules\express\lib\application.js:217:11)
    at App.initializeRoutes (C:\Users\Yannick\Documents\keepCoding\Full-stack-projects\Node-Full-Stack-Projects\MERN-ECOMMERCE-APPLICATION\src\server.ts:47:14)
    at new App (C:\Users\Yannick\Documents\keepCoding\Full-stack-projects\Node-Full-Stack-Projects\MERN-ECOMMERCE-APPLICATION\src\server.ts:30:10)
    at Object.<anonymous> (C:\Users\Yannick\Documents\keepCoding\Full-stack-projects\Node-Full-Stack-Projects\MERN-ECOMMERCE-APPLICATION\src\server.ts:66:13)
    at Module._compile (node:internal/modules/cjs/loader:1376:14)
    at Module.m._compile (C:\Users\Yannick\AppData\Roaming\npm\node_modules\ts-node\src\index.ts:1618:23)
    at Module._extensions..js (node:internal/modules/cjs/loader:1435:10)
    at Object.require.extensions.<computed> [as .ts] (C:\Users\Yannick\AppData\Roaming\npm\node_modules\ts-node\src\index.ts:1621:12)
    at Module.load (node:internal/modules/cjs/loader:1207:32)
    at Function.Module._load (node:internal/modules/cjs/loader:1023:12) {"date":"Wed Sep 25 2024 04:59:34 GMT-0700 (Pacific Daylight Time)","error":{},"exception":true,"os":{"loadavg":[0,0,0],"uptime":9220},"process":{"argv":["C:\\Users\\Yannick\\AppData\\Roaming\\npm\\node_modules\\ts-node\\dist\\bin.js","C:\\Users\\Yannick\\Documents\\keepCoding\\Full-stack-projects\\Node-Full-Stack-Projects\\MERN-ECOMMERCE-APPLICATION\\src\\server.ts"],"cwd":"C:\\Users\\Yannick\\Documents\\keepCoding\\Full-stack-projects\\Node-Full-Stack-Projects\\MERN-ECOMMERCE-APPLICATION","execPath":"C:\\Program Files\\nodejs\\node.exe","gid":null,"memoryUsage":{"arrayBuffers":22865998,"external":25930636,"heapTotal":177258496,"heapUsed":145185160,"rss":217481216},"pid":624,"uid":null,"version":"v20.11.0"},"stack":"TypeError: app.use() requires a middleware function\n    at Function.use (C:\\Users\\Yannick\\Documents\\keepCoding\\Full-stack-projects\\Node-Full-Stack-Projects\\MERN-ECOMMERCE-APPLICATION\\node_modules\\express\\lib\\application.js:217:11)\n    at App.initializeRoutes (C:\\Users\\Yannick\\Documents\\keepCoding\\Full-stack-projects\\Node-Full-Stack-Projects\\MERN-ECOMMERCE-APPLICATION\\src\\server.ts:47:14)\n    at new App (C:\\Users\\Yannick\\Documents\\keepCoding\\Full-stack-projects\\Node-Full-Stack-Projects\\MERN-ECOMMERCE-APPLICATION\\src\\server.ts:30:10)\n    at Object.<anonymous> (C:\\Users\\Yannick\\Documents\\keepCoding\\Full-stack-projects\\Node-Full-Stack-Projects\\MERN-ECOMMERCE-APPLICATION\\src\\server.ts:66:13)\n    at Module._compile (node:internal/modules/cjs/loader:1376:14)\n    at Module.m._compile (C:\\Users\\Yannick\\AppData\\Roaming\\npm\\node_modules\\ts-node\\src\\index.ts:1618:23)\n    at Module._extensions..js (node:internal/modules/cjs/loader:1435:10)\n    at Object.require.extensions.<computed> [as .ts] (C:\\Users\\Yannick\\AppData\\Roaming\\npm\\node_modules\\ts-node\\src\\index.ts:1621:12)\n    at Module.load (node:internal/modules/cjs/loader:1207:32)\n    at Function.Module._load (node:internal/modules/cjs/loader:1023:12)","timestamp":"2024-09-25T11:59:34.290Z","trace":[{"column":11,"file":"C:\\Users\\Yannick\\Documents\\keepCoding\\Full-stack-projects\\Node-Full-Stack-Projects\\MERN-ECOMMERCE-APPLICATION\\node_modules\\express\\lib\\application.js","function":"Function.use","line":217,"method":"use","native":false},{"column":14,"file":"C:\\Users\\Yannick\\Documents\\keepCoding\\Full-stack-projects\\Node-Full-Stack-Projects\\MERN-ECOMMERCE-APPLICATION\\src\\server.ts","function":"App.initializeRoutes","line":47,"method":"initializeRoutes","native":false},{"column":10,"file":"C:\\Users\\Yannick\\Documents\\keepCoding\\Full-stack-projects\\Node-Full-Stack-Projects\\MERN-ECOMMERCE-APPLICATION\\src\\server.ts","function":"new App","line":30,"method":null,"native":false},{"column":13,"file":"C:\\Users\\Yannick\\Documents\\keepCoding\\Full-stack-projects\\Node-Full-Stack-Projects\\MERN-ECOMMERCE-APPLICATION\\src\\server.ts","function":null,"line":66,"method":null,"native":false},{"column":14,"file":"node:internal/modules/cjs/loader","function":"Module._compile","line":1376,"method":"_compile","native":false},{"column":23,"file":"C:\\Users\\Yannick\\AppData\\Roaming\\npm\\node_modules\\ts-node\\src\\index.ts","function":"Module.m._compile","line":1618,"method":"_compile","native":false},{"column":10,"file":"node:internal/modules/cjs/loader","function":"Module._extensions..js","line":1435,"method":".js","native":false},{"column":12,"file":"C:\\Users\\Yannick\\AppData\\Roaming\\npm\\node_modules\\ts-node\\src\\index.ts","function":"Object.require.extensions.<computed> [as .ts]","line":1621,"method":"ts]","native":false},{"column":32,"file":"node:internal/modules/cjs/loader","function":"Module.load","line":1207,"method":"load","native":false},{"column":12,"file":"node:internal/modules/cjs/loader","function":"Module._load","line":1023,"method":"_load","native":false}]}
error: uncaughtException: app.use() requires a middleware function
TypeError: app.use() requires a middleware function
    at Function.use (C:\Users\Yannick\Documents\keepCoding\Full-stack-projects\Node-Full-Stack-Projects\MERN-ECOMMERCE-APPLICATION\node_modules\express\lib\application.js:217:11)
    at App.initializeRoutes (C:\Users\Yannick\Documents\keepCoding\Full-stack-projects\Node-Full-Stack-Projects\MERN-ECOMMERCE-APPLICATION\src\server.ts:47:14)
    at new App (C:\Users\Yannick\Documents\keepCoding\Full-stack-projects\Node-Full-Stack-Projects\MERN-ECOMMERCE-APPLICATION\src\server.ts:30:10)
    at Object.<anonymous> (C:\Users\Yannick\Documents\keepCoding\Full-stack-projects\Node-Full-Stack-Projects\MERN-ECOMMERCE-APPLICATION\src\server.ts:66:13)
    at Module._compile (node:internal/modules/cjs/loader:1376:14)
    at Module.m._compile (C:\Users\Yannick\AppData\Roaming\npm\node_modules\ts-node\src\index.ts:1618:23)
    at Module._extensions..js (node:internal/modules/cjs/loader:1435:10)
    at Object.require.extensions.<computed> [as .ts] (C:\Users\Yannick\AppData\Roaming\npm\node_modules\ts-node\src\index.ts:1621:12)
    at Module.load (node:internal/modules/cjs/loader:1207:32)
    at Function.Module._load (node:internal/modules/cjs/loader:1023:12) {"date":"Wed Sep 25 2024 05:00:25 GMT-0700 (Pacific Daylight Time)","error":{},"exception":true,"os":{"loadavg":[0,0,0],"uptime":9271.515},"process":{"argv":["C:\\Users\\Yannick\\AppData\\Roaming\\npm\\node_modules\\ts-node\\dist\\bin.js","C:\\Users\\Yannick\\Documents\\keepCoding\\Full-stack-projects\\Node-Full-Stack-Projects\\MERN-ECOMMERCE-APPLICATION\\src\\server.ts"],"cwd":"C:\\Users\\Yannick\\Documents\\keepCoding\\Full-stack-projects\\Node-Full-Stack-Projects\\MERN-ECOMMERCE-APPLICATION","execPath":"C:\\Program Files\\nodejs\\node.exe","gid":null,"memoryUsage":{"arrayBuffers":22861371,"external":26356906,"heapTotal":177258496,"heapUsed":145600256,"rss":216788992},"pid":14300,"uid":null,"version":"v20.11.0"},"stack":"TypeError: app.use() requires a middleware function\n    at Function.use (C:\\Users\\Yannick\\Documents\\keepCoding\\Full-stack-projects\\Node-Full-Stack-Projects\\MERN-ECOMMERCE-APPLICATION\\node_modules\\express\\lib\\application.js:217:11)\n    at App.initializeRoutes (C:\\Users\\Yannick\\Documents\\keepCoding\\Full-stack-projects\\Node-Full-Stack-Projects\\MERN-ECOMMERCE-APPLICATION\\src\\server.ts:47:14)\n    at new App (C:\\Users\\Yannick\\Documents\\keepCoding\\Full-stack-projects\\Node-Full-Stack-Projects\\MERN-ECOMMERCE-APPLICATION\\src\\server.ts:30:10)\n    at Object.<anonymous> (C:\\Users\\Yannick\\Documents\\keepCoding\\Full-stack-projects\\Node-Full-Stack-Projects\\MERN-ECOMMERCE-APPLICATION\\src\\server.ts:66:13)\n    at Module._compile (node:internal/modules/cjs/loader:1376:14)\n    at Module.m._compile (C:\\Users\\Yannick\\AppData\\Roaming\\npm\\node_modules\\ts-node\\src\\index.ts:1618:23)\n    at Module._extensions..js (node:internal/modules/cjs/loader:1435:10)\n    at Object.require.extensions.<computed> [as .ts] (C:\\Users\\Yannick\\AppData\\Roaming\\npm\\node_modules\\ts-node\\src\\index.ts:1621:12)\n    at Module.load (node:internal/modules/cjs/loader:1207:32)\n    at Function.Module._load (node:internal/modules/cjs/loader:1023:12)","timestamp":"2024-09-25T12:00:25.803Z","trace":[{"column":11,"file":"C:\\Users\\Yannick\\Documents\\keepCoding\\Full-stack-projects\\Node-Full-Stack-Projects\\MERN-ECOMMERCE-APPLICATION\\node_modules\\express\\lib\\application.js","function":"Function.use","line":217,"method":"use","native":false},{"column":14,"file":"C:\\Users\\Yannick\\Documents\\keepCoding\\Full-stack-projects\\Node-Full-Stack-Projects\\MERN-ECOMMERCE-APPLICATION\\src\\server.ts","function":"App.initializeRoutes","line":47,"method":"initializeRoutes","native":false},{"column":10,"file":"C:\\Users\\Yannick\\Documents\\keepCoding\\Full-stack-projects\\Node-Full-Stack-Projects\\MERN-ECOMMERCE-APPLICATION\\src\\server.ts","function":"new App","line":30,"method":null,"native":false},{"column":13,"file":"C:\\Users\\Yannick\\Documents\\keepCoding\\Full-stack-projects\\Node-Full-Stack-Projects\\MERN-ECOMMERCE-APPLICATION\\src\\server.ts","function":null,"line":66,"method":null,"native":false},{"column":14,"file":"node:internal/modules/cjs/loader","function":"Module._compile","line":1376,"method":"_compile","native":false},{"column":23,"file":"C:\\Users\\Yannick\\AppData\\Roaming\\npm\\node_modules\\ts-node\\src\\index.ts","function":"Module.m._compile","line":1618,"method":"_compile","native":false},{"column":10,"file":"node:internal/modules/cjs/loader","function":"Module._extensions..js","line":1435,"method":".js","native":false},{"column":12,"file":"C:\\Users\\Yannick\\AppData\\Roaming\\npm\\node_modules\\ts-node\\src\\index.ts","function":"Object.require.extensions.<computed> [as .ts]","line":1621,"method":"ts]","native":false},{"column":32,"file":"node:internal/modules/cjs/loader","function":"Module.load","line":1207,"method":"load","native":false},{"column":12,"file":"node:internal/modules/cjs/loader","function":"Module._load","line":1023,"method":"_load","native":false}]}
error: uncaughtException: app.use() requires a middleware function
TypeError: app.use() requires a middleware function
    at Function.use (C:\Users\Yannick\Documents\keepCoding\Full-stack-projects\Node-Full-Stack-Projects\MERN-ECOMMERCE-APPLICATION\node_modules\express\lib\application.js:217:11)
    at App.initializeRoutes (C:\Users\Yannick\Documents\keepCoding\Full-stack-projects\Node-Full-Stack-Projects\MERN-ECOMMERCE-APPLICATION\src\server.ts:48:14)
    at new App (C:\Users\Yannick\Documents\keepCoding\Full-stack-projects\Node-Full-Stack-Projects\MERN-ECOMMERCE-APPLICATION\src\server.ts:31:10)
    at Object.<anonymous> (C:\Users\Yannick\Documents\keepCoding\Full-stack-projects\Node-Full-Stack-Projects\MERN-ECOMMERCE-APPLICATION\src\server.ts:67:13)
    at Module._compile (node:internal/modules/cjs/loader:1376:14)
    at Module.m._compile (C:\Users\Yannick\AppData\Roaming\npm\node_modules\ts-node\src\index.ts:1618:23)
    at Module._extensions..js (node:internal/modules/cjs/loader:1435:10)
    at Object.require.extensions.<computed> [as .ts] (C:\Users\Yannick\AppData\Roaming\npm\node_modules\ts-node\src\index.ts:1621:12)
    at Module.load (node:internal/modules/cjs/loader:1207:32)
    at Function.Module._load (node:internal/modules/cjs/loader:1023:12) {"date":"Wed Sep 25 2024 05:00:56 GMT-0700 (Pacific Daylight Time)","error":{},"exception":true,"os":{"loadavg":[0,0,0],"uptime":9301.984},"process":{"argv":["C:\\Users\\Yannick\\AppData\\Roaming\\npm\\node_modules\\ts-node\\dist\\bin.js","C:\\Users\\Yannick\\Documents\\keepCoding\\Full-stack-projects\\Node-Full-Stack-Projects\\MERN-ECOMMERCE-APPLICATION\\src\\server.ts"],"cwd":"C:\\Users\\Yannick\\Documents\\keepCoding\\Full-stack-projects\\Node-Full-Stack-Projects\\MERN-ECOMMERCE-APPLICATION","execPath":"C:\\Program Files\\nodejs\\node.exe","gid":null,"memoryUsage":{"arrayBuffers":23292123,"external":26356761,"heapTotal":194379776,"heapUsed":163952936,"rss":234823680},"pid":14280,"uid":null,"version":"v20.11.0"},"stack":"TypeError: app.use() requires a middleware function\n    at Function.use (C:\\Users\\Yannick\\Documents\\keepCoding\\Full-stack-projects\\Node-Full-Stack-Projects\\MERN-ECOMMERCE-APPLICATION\\node_modules\\express\\lib\\application.js:217:11)\n    at App.initializeRoutes (C:\\Users\\Yannick\\Documents\\keepCoding\\Full-stack-projects\\Node-Full-Stack-Projects\\MERN-ECOMMERCE-APPLICATION\\src\\server.ts:48:14)\n    at new App (C:\\Users\\Yannick\\Documents\\keepCoding\\Full-stack-projects\\Node-Full-Stack-Projects\\MERN-ECOMMERCE-APPLICATION\\src\\server.ts:31:10)\n    at Object.<anonymous> (C:\\Users\\Yannick\\Documents\\keepCoding\\Full-stack-projects\\Node-Full-Stack-Projects\\MERN-ECOMMERCE-APPLICATION\\src\\server.ts:67:13)\n    at Module._compile (node:internal/modules/cjs/loader:1376:14)\n    at Module.m._compile (C:\\Users\\Yannick\\AppData\\Roaming\\npm\\node_modules\\ts-node\\src\\index.ts:1618:23)\n    at Module._extensions..js (node:internal/modules/cjs/loader:1435:10)\n    at Object.require.extensions.<computed> [as .ts] (C:\\Users\\Yannick\\AppData\\Roaming\\npm\\node_modules\\ts-node\\src\\index.ts:1621:12)\n    at Module.load (node:internal/modules/cjs/loader:1207:32)\n    at Function.Module._load (node:internal/modules/cjs/loader:1023:12)","timestamp":"2024-09-25T12:00:56.262Z","trace":[{"column":11,"file":"C:\\Users\\Yannick\\Documents\\keepCoding\\Full-stack-projects\\Node-Full-Stack-Projects\\MERN-ECOMMERCE-APPLICATION\\node_modules\\express\\lib\\application.js","function":"Function.use","line":217,"method":"use","native":false},{"column":14,"file":"C:\\Users\\Yannick\\Documents\\keepCoding\\Full-stack-projects\\Node-Full-Stack-Projects\\MERN-ECOMMERCE-APPLICATION\\src\\server.ts","function":"App.initializeRoutes","line":48,"method":"initializeRoutes","native":false},{"column":10,"file":"C:\\Users\\Yannick\\Documents\\keepCoding\\Full-stack-projects\\Node-Full-Stack-Projects\\MERN-ECOMMERCE-APPLICATION\\src\\server.ts","function":"new App","line":31,"method":null,"native":false},{"column":13,"file":"C:\\Users\\Yannick\\Documents\\keepCoding\\Full-stack-projects\\Node-Full-Stack-Projects\\MERN-ECOMMERCE-APPLICATION\\src\\server.ts","function":null,"line":67,"method":null,"native":false},{"column":14,"file":"node:internal/modules/cjs/loader","function":"Module._compile","line":1376,"method":"_compile","native":false},{"column":23,"file":"C:\\Users\\Yannick\\AppData\\Roaming\\npm\\node_modules\\ts-node\\src\\index.ts","function":"Module.m._compile","line":1618,"method":"_compile","native":false},{"column":10,"file":"node:internal/modules/cjs/loader","function":"Module._extensions..js","line":1435,"method":".js","native":false},{"column":12,"file":"C:\\Users\\Yannick\\AppData\\Roaming\\npm\\node_modules\\ts-node\\src\\index.ts","function":"Object.require.extensions.<computed> [as .ts]","line":1621,"method":"ts]","native":false},{"column":32,"file":"node:internal/modules/cjs/loader","function":"Module.load","line":1207,"method":"load","native":false},{"column":12,"file":"node:internal/modules/cjs/loader","function":"Module._load","line":1023,"method":"_load","native":false}]}
error: uncaughtException: app.use() requires a middleware function
TypeError: app.use() requires a middleware function
    at Function.use (C:\Users\Yannick\Documents\keepCoding\Full-stack-projects\Node-Full-Stack-Projects\MERN-ECOMMERCE-APPLICATION\node_modules\express\lib\application.js:217:11)
    at App.initializeRoutes (C:\Users\Yannick\Documents\keepCoding\Full-stack-projects\Node-Full-Stack-Projects\MERN-ECOMMERCE-APPLICATION\src\server.ts:48:14)
    at new App (C:\Users\Yannick\Documents\keepCoding\Full-stack-projects\Node-Full-Stack-Projects\MERN-ECOMMERCE-APPLICATION\src\server.ts:31:10)
    at Object.<anonymous> (C:\Users\Yannick\Documents\keepCoding\Full-stack-projects\Node-Full-Stack-Projects\MERN-ECOMMERCE-APPLICATION\src\server.ts:67:13)
    at Module._compile (node:internal/modules/cjs/loader:1376:14)
    at Module.m._compile (C:\Users\Yannick\AppData\Roaming\npm\node_modules\ts-node\src\index.ts:1618:23)
    at Module._extensions..js (node:internal/modules/cjs/loader:1435:10)
    at Object.require.extensions.<computed> [as .ts] (C:\Users\Yannick\AppData\Roaming\npm\node_modules\ts-node\src\index.ts:1621:12)
    at Module.load (node:internal/modules/cjs/loader:1207:32)
    at Function.Module._load (node:internal/modules/cjs/loader:1023:12) {"date":"Wed Sep 25 2024 05:01:15 GMT-0700 (Pacific Daylight Time)","error":{},"exception":true,"os":{"loadavg":[0,0,0],"uptime":9321.281},"process":{"argv":["C:\\Users\\Yannick\\AppData\\Roaming\\npm\\node_modules\\ts-node\\dist\\bin.js","C:\\Users\\Yannick\\Documents\\keepCoding\\Full-stack-projects\\Node-Full-Stack-Projects\\MERN-ECOMMERCE-APPLICATION\\src\\server.ts"],"cwd":"C:\\Users\\Yannick\\Documents\\keepCoding\\Full-stack-projects\\Node-Full-Stack-Projects\\MERN-ECOMMERCE-APPLICATION","execPath":"C:\\Program Files\\nodejs\\node.exe","gid":null,"memoryUsage":{"arrayBuffers":23292060,"external":26356698,"heapTotal":189927424,"heapUsed":167459072,"rss":230023168},"pid":932,"uid":null,"version":"v20.11.0"},"stack":"TypeError: app.use() requires a middleware function\n    at Function.use (C:\\Users\\Yannick\\Documents\\keepCoding\\Full-stack-projects\\Node-Full-Stack-Projects\\MERN-ECOMMERCE-APPLICATION\\node_modules\\express\\lib\\application.js:217:11)\n    at App.initializeRoutes (C:\\Users\\Yannick\\Documents\\keepCoding\\Full-stack-projects\\Node-Full-Stack-Projects\\MERN-ECOMMERCE-APPLICATION\\src\\server.ts:48:14)\n    at new App (C:\\Users\\Yannick\\Documents\\keepCoding\\Full-stack-projects\\Node-Full-Stack-Projects\\MERN-ECOMMERCE-APPLICATION\\src\\server.ts:31:10)\n    at Object.<anonymous> (C:\\Users\\Yannick\\Documents\\keepCoding\\Full-stack-projects\\Node-Full-Stack-Projects\\MERN-ECOMMERCE-APPLICATION\\src\\server.ts:67:13)\n    at Module._compile (node:internal/modules/cjs/loader:1376:14)\n    at Module.m._compile (C:\\Users\\Yannick\\AppData\\Roaming\\npm\\node_modules\\ts-node\\src\\index.ts:1618:23)\n    at Module._extensions..js (node:internal/modules/cjs/loader:1435:10)\n    at Object.require.extensions.<computed> [as .ts] (C:\\Users\\Yannick\\AppData\\Roaming\\npm\\node_modules\\ts-node\\src\\index.ts:1621:12)\n    at Module.load (node:internal/modules/cjs/loader:1207:32)\n    at Function.Module._load (node:internal/modules/cjs/loader:1023:12)","timestamp":"2024-09-25T12:01:15.561Z","trace":[{"column":11,"file":"C:\\Users\\Yannick\\Documents\\keepCoding\\Full-stack-projects\\Node-Full-Stack-Projects\\MERN-ECOMMERCE-APPLICATION\\node_modules\\express\\lib\\application.js","function":"Function.use","line":217,"method":"use","native":false},{"column":14,"file":"C:\\Users\\Yannick\\Documents\\keepCoding\\Full-stack-projects\\Node-Full-Stack-Projects\\MERN-ECOMMERCE-APPLICATION\\src\\server.ts","function":"App.initializeRoutes","line":48,"method":"initializeRoutes","native":false},{"column":10,"file":"C:\\Users\\Yannick\\Documents\\keepCoding\\Full-stack-projects\\Node-Full-Stack-Projects\\MERN-ECOMMERCE-APPLICATION\\src\\server.ts","function":"new App","line":31,"method":null,"native":false},{"column":13,"file":"C:\\Users\\Yannick\\Documents\\keepCoding\\Full-stack-projects\\Node-Full-Stack-Projects\\MERN-ECOMMERCE-APPLICATION\\src\\server.ts","function":null,"line":67,"method":null,"native":false},{"column":14,"file":"node:internal/modules/cjs/loader","function":"Module._compile","line":1376,"method":"_compile","native":false},{"column":23,"file":"C:\\Users\\Yannick\\AppData\\Roaming\\npm\\node_modules\\ts-node\\src\\index.ts","function":"Module.m._compile","line":1618,"method":"_compile","native":false},{"column":10,"file":"node:internal/modules/cjs/loader","function":"Module._extensions..js","line":1435,"method":".js","native":false},{"column":12,"file":"C:\\Users\\Yannick\\AppData\\Roaming\\npm\\node_modules\\ts-node\\src\\index.ts","function":"Object.require.extensions.<computed> [as .ts]","line":1621,"method":"ts]","native":false},{"column":32,"file":"node:internal/modules/cjs/loader","function":"Module.load","line":1207,"method":"load","native":false},{"column":12,"file":"node:internal/modules/cjs/loader","function":"Module._load","line":1023,"method":"_load","native":false}]}
error: uncaughtException:  Unable to compile TypeScript:
[96msrc/Services/UserServices/User.Services.ts[0m:[93m29[0m:[93m5[0m - [91merror[0m[90m TS2322: [0mType '(Document<unknown, {}, IUser> & IUser & Required<{ _id: number | String; }>) | null' is not assignable to type 'IUser'.
  Type 'null' is not assignable to type 'IUser'.

[7m29[0m     return data;
[7m  [0m [91m    ~~~~~~[0m
[96msrc/Services/UserServices/User.Services.ts[0m:[93m41[0m:[93m5[0m - [91merror[0m[90m TS2322: [0mType '(Document<unknown, {}, IUser> & IUser & Required<{ _id: number | String; }>) | null' is not assignable to type 'IUser'.
  Type 'null' is not assignable to type 'IUser'.

[7m41[0m     return data;
[7m  [0m [91m    ~~~~~~[0m

TSError:  Unable to compile TypeScript:
[96msrc/Services/UserServices/User.Services.ts[0m:[93m29[0m:[93m5[0m - [91merror[0m[90m TS2322: [0mType '(Document<unknown, {}, IUser> & IUser & Required<{ _id: number | String; }>) | null' is not assignable to type 'IUser'.
  Type 'null' is not assignable to type 'IUser'.

[7m29[0m     return data;
[7m  [0m [91m    ~~~~~~[0m
[96msrc/Services/UserServices/User.Services.ts[0m:[93m41[0m:[93m5[0m - [91merror[0m[90m TS2322: [0mType '(Document<unknown, {}, IUser> & IUser & Required<{ _id: number | String; }>) | null' is not assignable to type 'IUser'.
  Type 'null' is not assignable to type 'IUser'.

[7m41[0m     return data;
[7m  [0m [91m    ~~~~~~[0m

    at createTSError (C:\Users\Yannick\AppData\Roaming\npm\node_modules\ts-node\src\index.ts:859:12)
    at reportTSError (C:\Users\Yannick\AppData\Roaming\npm\node_modules\ts-node\src\index.ts:863:19)
    at getOutput (C:\Users\Yannick\AppData\Roaming\npm\node_modules\ts-node\src\index.ts:1077:36)
    at Object.compile (C:\Users\Yannick\AppData\Roaming\npm\node_modules\ts-node\src\index.ts:1433:41)
    at Module.m._compile (C:\Users\Yannick\AppData\Roaming\npm\node_modules\ts-node\src\index.ts:1617:30)
    at Module._extensions..js (node:internal/modules/cjs/loader:1435:10)
    at Object.require.extensions.<computed> [as .ts] (C:\Users\Yannick\AppData\Roaming\npm\node_modules\ts-node\src\index.ts:1621:12)
    at Module.load (node:internal/modules/cjs/loader:1207:32)
    at Function.Module._load (node:internal/modules/cjs/loader:1023:12)
    at Module.require (node:internal/modules/cjs/loader:1235:19) {"date":"Wed Sep 25 2024 05:10:35 GMT-0700 (Pacific Daylight Time)","error":{"diagnosticCodes":[2322,2322]},"exception":true,"os":{"loadavg":[0,0,0],"uptime":9881.25},"process":{"argv":["C:\\Users\\Yannick\\AppData\\Roaming\\npm\\node_modules\\ts-node\\dist\\bin.js","C:\\Users\\Yannick\\Documents\\keepCoding\\Full-stack-projects\\Node-Full-Stack-Projects\\MERN-ECOMMERCE-APPLICATION\\src\\server.ts"],"cwd":"C:\\Users\\Yannick\\Documents\\keepCoding\\Full-stack-projects\\Node-Full-Stack-Projects\\MERN-ECOMMERCE-APPLICATION","execPath":"C:\\Program Files\\nodejs\\node.exe","gid":null,"memoryUsage":{"arrayBuffers":22869531,"external":25934169,"heapTotal":256688128,"heapUsed":225016184,"rss":295936000},"pid":14032,"uid":null,"version":"v20.11.0"},"stack":"TSError:  Unable to compile TypeScript:\n\u001b[96msrc/Services/UserServices/User.Services.ts\u001b[0m:\u001b[93m29\u001b[0m:\u001b[93m5\u001b[0m - \u001b[91merror\u001b[0m\u001b[90m TS2322: \u001b[0mType '(Document<unknown, {}, IUser> & IUser & Required<{ _id: number | String; }>) | null' is not assignable to type 'IUser'.\r\n  Type 'null' is not assignable to type 'IUser'.\r\n\r\n\u001b[7m29\u001b[0m     return data;\r\n\u001b[7m  \u001b[0m \u001b[91m    ~~~~~~\u001b[0m\r\n\u001b[96msrc/Services/UserServices/User.Services.ts\u001b[0m:\u001b[93m41\u001b[0m:\u001b[93m5\u001b[0m - \u001b[91merror\u001b[0m\u001b[90m TS2322: \u001b[0mType '(Document<unknown, {}, IUser> & IUser & Required<{ _id: number | String; }>) | null' is not assignable to type 'IUser'.\r\n  Type 'null' is not assignable to type 'IUser'.\r\n\r\n\u001b[7m41\u001b[0m     return data;\r\n\u001b[7m  \u001b[0m \u001b[91m    ~~~~~~\u001b[0m\r\n\n    at createTSError (C:\\Users\\Yannick\\AppData\\Roaming\\npm\\node_modules\\ts-node\\src\\index.ts:859:12)\n    at reportTSError (C:\\Users\\Yannick\\AppData\\Roaming\\npm\\node_modules\\ts-node\\src\\index.ts:863:19)\n    at getOutput (C:\\Users\\Yannick\\AppData\\Roaming\\npm\\node_modules\\ts-node\\src\\index.ts:1077:36)\n    at Object.compile (C:\\Users\\Yannick\\AppData\\Roaming\\npm\\node_modules\\ts-node\\src\\index.ts:1433:41)\n    at Module.m._compile (C:\\Users\\Yannick\\AppData\\Roaming\\npm\\node_modules\\ts-node\\src\\index.ts:1617:30)\n    at Module._extensions..js (node:internal/modules/cjs/loader:1435:10)\n    at Object.require.extensions.<computed> [as .ts] (C:\\Users\\Yannick\\AppData\\Roaming\\npm\\node_modules\\ts-node\\src\\index.ts:1621:12)\n    at Module.load (node:internal/modules/cjs/loader:1207:32)\n    at Function.Module._load (node:internal/modules/cjs/loader:1023:12)\n    at Module.require (node:internal/modules/cjs/loader:1235:19)","timestamp":"2024-09-25T12:10:35.548Z","trace":[{"column":12,"file":"C:\\Users\\Yannick\\AppData\\Roaming\\npm\\node_modules\\ts-node\\src\\index.ts","function":"createTSError","line":859,"method":null,"native":false},{"column":19,"file":"C:\\Users\\Yannick\\AppData\\Roaming\\npm\\node_modules\\ts-node\\src\\index.ts","function":"reportTSError","line":863,"method":null,"native":false},{"column":36,"file":"C:\\Users\\Yannick\\AppData\\Roaming\\npm\\node_modules\\ts-node\\src\\index.ts","function":"getOutput","line":1077,"method":null,"native":false},{"column":41,"file":"C:\\Users\\Yannick\\AppData\\Roaming\\npm\\node_modules\\ts-node\\src\\index.ts","function":"Object.compile","line":1433,"method":"compile","native":false},{"column":30,"file":"C:\\Users\\Yannick\\AppData\\Roaming\\npm\\node_modules\\ts-node\\src\\index.ts","function":"Module.m._compile","line":1617,"method":"_compile","native":false},{"column":10,"file":"node:internal/modules/cjs/loader","function":"Module._extensions..js","line":1435,"method":".js","native":false},{"column":12,"file":"C:\\Users\\Yannick\\AppData\\Roaming\\npm\\node_modules\\ts-node\\src\\index.ts","function":"Object.require.extensions.<computed> [as .ts]","line":1621,"method":"ts]","native":false},{"column":32,"file":"node:internal/modules/cjs/loader","function":"Module.load","line":1207,"method":"load","native":false},{"column":12,"file":"node:internal/modules/cjs/loader","function":"Module._load","line":1023,"method":"_load","native":false},{"column":19,"file":"node:internal/modules/cjs/loader","function":"Module.require","line":1235,"method":"require","native":false}]}
error: uncaughtException:  Unable to compile TypeScript:
[96msrc/Services/UserServices/User.Services.ts[0m:[93m29[0m:[93m5[0m - [91merror[0m[90m TS2322: [0mType '(Document<unknown, {}, IUser> & IUser & Required<{ _id: number | String; }>) | null' is not assignable to type 'IUser'.
  Type 'null' is not assignable to type 'IUser'.

[7m29[0m     return data;
[7m  [0m [91m    ~~~~~~[0m
[96msrc/Services/UserServices/User.Services.ts[0m:[93m41[0m:[93m5[0m - [91merror[0m[90m TS2322: [0mType '(Document<unknown, {}, IUser> & IUser & Required<{ _id: number | String; }>) | null' is not assignable to type 'IUser'.
  Type 'null' is not assignable to type 'IUser'.

[7m41[0m     return data;
[7m  [0m [91m    ~~~~~~[0m

TSError:  Unable to compile TypeScript:
[96msrc/Services/UserServices/User.Services.ts[0m:[93m29[0m:[93m5[0m - [91merror[0m[90m TS2322: [0mType '(Document<unknown, {}, IUser> & IUser & Required<{ _id: number | String; }>) | null' is not assignable to type 'IUser'.
  Type 'null' is not assignable to type 'IUser'.

[7m29[0m     return data;
[7m  [0m [91m    ~~~~~~[0m
[96msrc/Services/UserServices/User.Services.ts[0m:[93m41[0m:[93m5[0m - [91merror[0m[90m TS2322: [0mType '(Document<unknown, {}, IUser> & IUser & Required<{ _id: number | String; }>) | null' is not assignable to type 'IUser'.
  Type 'null' is not assignable to type 'IUser'.

[7m41[0m     return data;
[7m  [0m [91m    ~~~~~~[0m

    at createTSError (C:\Users\Yannick\AppData\Roaming\npm\node_modules\ts-node\src\index.ts:859:12)
    at reportTSError (C:\Users\Yannick\AppData\Roaming\npm\node_modules\ts-node\src\index.ts:863:19)
    at getOutput (C:\Users\Yannick\AppData\Roaming\npm\node_modules\ts-node\src\index.ts:1077:36)
    at Object.compile (C:\Users\Yannick\AppData\Roaming\npm\node_modules\ts-node\src\index.ts:1433:41)
    at Module.m._compile (C:\Users\Yannick\AppData\Roaming\npm\node_modules\ts-node\src\index.ts:1617:30)
    at Module._extensions..js (node:internal/modules/cjs/loader:1435:10)
    at Object.require.extensions.<computed> [as .ts] (C:\Users\Yannick\AppData\Roaming\npm\node_modules\ts-node\src\index.ts:1621:12)
    at Module.load (node:internal/modules/cjs/loader:1207:32)
    at Function.Module._load (node:internal/modules/cjs/loader:1023:12)
    at Module.require (node:internal/modules/cjs/loader:1235:19) {"date":"Wed Sep 25 2024 05:11:12 GMT-0700 (Pacific Daylight Time)","error":{"diagnosticCodes":[2322,2322]},"exception":true,"os":{"loadavg":[0,0,0],"uptime":9918.437},"process":{"argv":["C:\\Users\\Yannick\\AppData\\Roaming\\npm\\node_modules\\ts-node\\dist\\bin.js","C:\\Users\\Yannick\\Documents\\keepCoding\\Full-stack-projects\\Node-Full-Stack-Projects\\MERN-ECOMMERCE-APPLICATION\\src\\server.ts"],"cwd":"C:\\Users\\Yannick\\Documents\\keepCoding\\Full-stack-projects\\Node-Full-Stack-Projects\\MERN-ECOMMERCE-APPLICATION","execPath":"C:\\Program Files\\nodejs\\node.exe","gid":null,"memoryUsage":{"arrayBuffers":22869707,"external":25934345,"heapTotal":254590976,"heapUsed":230043864,"rss":300036096},"pid":12040,"uid":null,"version":"v20.11.0"},"stack":"TSError:  Unable to compile TypeScript:\n\u001b[96msrc/Services/UserServices/User.Services.ts\u001b[0m:\u001b[93m29\u001b[0m:\u001b[93m5\u001b[0m - \u001b[91merror\u001b[0m\u001b[90m TS2322: \u001b[0mType '(Document<unknown, {}, IUser> & IUser & Required<{ _id: number | String; }>) | null' is not assignable to type 'IUser'.\r\n  Type 'null' is not assignable to type 'IUser'.\r\n\r\n\u001b[7m29\u001b[0m     return data;\r\n\u001b[7m  \u001b[0m \u001b[91m    ~~~~~~\u001b[0m\r\n\u001b[96msrc/Services/UserServices/User.Services.ts\u001b[0m:\u001b[93m41\u001b[0m:\u001b[93m5\u001b[0m - \u001b[91merror\u001b[0m\u001b[90m TS2322: \u001b[0mType '(Document<unknown, {}, IUser> & IUser & Required<{ _id: number | String; }>) | null' is not assignable to type 'IUser'.\r\n  Type 'null' is not assignable to type 'IUser'.\r\n\r\n\u001b[7m41\u001b[0m     return data;\r\n\u001b[7m  \u001b[0m \u001b[91m    ~~~~~~\u001b[0m\r\n\n    at createTSError (C:\\Users\\Yannick\\AppData\\Roaming\\npm\\node_modules\\ts-node\\src\\index.ts:859:12)\n    at reportTSError (C:\\Users\\Yannick\\AppData\\Roaming\\npm\\node_modules\\ts-node\\src\\index.ts:863:19)\n    at getOutput (C:\\Users\\Yannick\\AppData\\Roaming\\npm\\node_modules\\ts-node\\src\\index.ts:1077:36)\n    at Object.compile (C:\\Users\\Yannick\\AppData\\Roaming\\npm\\node_modules\\ts-node\\src\\index.ts:1433:41)\n    at Module.m._compile (C:\\Users\\Yannick\\AppData\\Roaming\\npm\\node_modules\\ts-node\\src\\index.ts:1617:30)\n    at Module._extensions..js (node:internal/modules/cjs/loader:1435:10)\n    at Object.require.extensions.<computed> [as .ts] (C:\\Users\\Yannick\\AppData\\Roaming\\npm\\node_modules\\ts-node\\src\\index.ts:1621:12)\n    at Module.load (node:internal/modules/cjs/loader:1207:32)\n    at Function.Module._load (node:internal/modules/cjs/loader:1023:12)\n    at Module.require (node:internal/modules/cjs/loader:1235:19)","timestamp":"2024-09-25T12:11:12.719Z","trace":[{"column":12,"file":"C:\\Users\\Yannick\\AppData\\Roaming\\npm\\node_modules\\ts-node\\src\\index.ts","function":"createTSError","line":859,"method":null,"native":false},{"column":19,"file":"C:\\Users\\Yannick\\AppData\\Roaming\\npm\\node_modules\\ts-node\\src\\index.ts","function":"reportTSError","line":863,"method":null,"native":false},{"column":36,"file":"C:\\Users\\Yannick\\AppData\\Roaming\\npm\\node_modules\\ts-node\\src\\index.ts","function":"getOutput","line":1077,"method":null,"native":false},{"column":41,"file":"C:\\Users\\Yannick\\AppData\\Roaming\\npm\\node_modules\\ts-node\\src\\index.ts","function":"Object.compile","line":1433,"method":"compile","native":false},{"column":30,"file":"C:\\Users\\Yannick\\AppData\\Roaming\\npm\\node_modules\\ts-node\\src\\index.ts","function":"Module.m._compile","line":1617,"method":"_compile","native":false},{"column":10,"file":"node:internal/modules/cjs/loader","function":"Module._extensions..js","line":1435,"method":".js","native":false},{"column":12,"file":"C:\\Users\\Yannick\\AppData\\Roaming\\npm\\node_modules\\ts-node\\src\\index.ts","function":"Object.require.extensions.<computed> [as .ts]","line":1621,"method":"ts]","native":false},{"column":32,"file":"node:internal/modules/cjs/loader","function":"Module.load","line":1207,"method":"load","native":false},{"column":12,"file":"node:internal/modules/cjs/loader","function":"Module._load","line":1023,"method":"_load","native":false},{"column":19,"file":"node:internal/modules/cjs/loader","function":"Module.require","line":1235,"method":"require","native":false}]}
error: uncaughtException:  Unable to compile TypeScript:
[96msrc/Services/UserServices/User.Services.ts[0m:[93m12[0m:[93m50[0m - [91merror[0m[90m TS18046: [0m'error' is of type 'unknown'.

[7m12[0m       throw new Error('Error fetching users: ' + error.message);
[7m  [0m [91m                                                 ~~~~~[0m
[96msrc/Services/UserServices/User.Services.ts[0m:[93m22[0m:[93m49[0m - [91merror[0m[90m TS18046: [0m'error' is of type 'unknown'.

[7m22[0m       throw new Error('Error creating user: ' + error.message);
[7m  [0m [91m                                                ~~~~~[0m
[96msrc/Services/UserServices/User.Services.ts[0m:[93m36[0m:[93m49[0m - [91merror[0m[90m TS18046: [0m'error' is of type 'unknown'.

[7m36[0m       throw new Error('Error updating user: ' + error.message);
[7m  [0m [91m                                                ~~~~~[0m
[96msrc/Services/UserServices/User.Services.ts[0m:[93m46[0m:[93m49[0m - [91merror[0m[90m TS18046: [0m'error' is of type 'unknown'.

[7m46[0m       throw new Error('Error deleting user: ' + error.message);
[7m  [0m [91m                                                ~~~~~[0m
[96msrc/Services/UserServices/User.Services.ts[0m:[93m56[0m:[93m49[0m - [91merror[0m[90m TS18046: [0m'error' is of type 'unknown'.

[7m56[0m       throw new Error('Error fetching user: ' + error.message);
[7m  [0m [91m                                                ~~~~~[0m

TSError:  Unable to compile TypeScript:
[96msrc/Services/UserServices/User.Services.ts[0m:[93m12[0m:[93m50[0m - [91merror[0m[90m TS18046: [0m'error' is of type 'unknown'.

[7m12[0m       throw new Error('Error fetching users: ' + error.message);
[7m  [0m [91m                                                 ~~~~~[0m
[96msrc/Services/UserServices/User.Services.ts[0m:[93m22[0m:[93m49[0m - [91merror[0m[90m TS18046: [0m'error' is of type 'unknown'.

[7m22[0m       throw new Error('Error creating user: ' + error.message);
[7m  [0m [91m                                                ~~~~~[0m
[96msrc/Services/UserServices/User.Services.ts[0m:[93m36[0m:[93m49[0m - [91merror[0m[90m TS18046: [0m'error' is of type 'unknown'.

[7m36[0m       throw new Error('Error updating user: ' + error.message);
[7m  [0m [91m                                                ~~~~~[0m
[96msrc/Services/UserServices/User.Services.ts[0m:[93m46[0m:[93m49[0m - [91merror[0m[90m TS18046: [0m'error' is of type 'unknown'.

[7m46[0m       throw new Error('Error deleting user: ' + error.message);
[7m  [0m [91m                                                ~~~~~[0m
[96msrc/Services/UserServices/User.Services.ts[0m:[93m56[0m:[93m49[0m - [91merror[0m[90m TS18046: [0m'error' is of type 'unknown'.

[7m56[0m       throw new Error('Error fetching user: ' + error.message);
[7m  [0m [91m                                                ~~~~~[0m

    at createTSError (C:\Users\Yannick\AppData\Roaming\npm\node_modules\ts-node\src\index.ts:859:12)
    at reportTSError (C:\Users\Yannick\AppData\Roaming\npm\node_modules\ts-node\src\index.ts:863:19)
    at getOutput (C:\Users\Yannick\AppData\Roaming\npm\node_modules\ts-node\src\index.ts:1077:36)
    at Object.compile (C:\Users\Yannick\AppData\Roaming\npm\node_modules\ts-node\src\index.ts:1433:41)
    at Module.m._compile (C:\Users\Yannick\AppData\Roaming\npm\node_modules\ts-node\src\index.ts:1617:30)
    at Module._extensions..js (node:internal/modules/cjs/loader:1435:10)
    at Object.require.extensions.<computed> [as .ts] (C:\Users\Yannick\AppData\Roaming\npm\node_modules\ts-node\src\index.ts:1621:12)
    at Module.load (node:internal/modules/cjs/loader:1207:32)
    at Function.Module._load (node:internal/modules/cjs/loader:1023:12)
    at Module.require (node:internal/modules/cjs/loader:1235:19) {"date":"Wed Sep 25 2024 05:14:38 GMT-0700 (Pacific Daylight Time)","error":{"diagnosticCodes":[18046,18046,18046,18046,18046]},"exception":true,"os":{"loadavg":[0,0,0],"uptime":10124.656},"process":{"argv":["C:\\Users\\Yannick\\AppData\\Roaming\\npm\\node_modules\\ts-node\\dist\\bin.js","C:\\Users\\Yannick\\Documents\\keepCoding\\Full-stack-projects\\Node-Full-Stack-Projects\\MERN-ECOMMERCE-APPLICATION\\src\\server.ts"],"cwd":"C:\\Users\\Yannick\\Documents\\keepCoding\\Full-stack-projects\\Node-Full-Stack-Projects\\MERN-ECOMMERCE-APPLICATION","execPath":"C:\\Program Files\\nodejs\\node.exe","gid":null,"memoryUsage":{"arrayBuffers":22869555,"external":25934193,"heapTotal":255639552,"heapUsed":229273448,"rss":301240320},"pid":13080,"uid":null,"version":"v20.11.0"},"stack":"TSError:  Unable to compile TypeScript:\n\u001b[96msrc/Services/UserServices/User.Services.ts\u001b[0m:\u001b[93m12\u001b[0m:\u001b[93m50\u001b[0m - \u001b[91merror\u001b[0m\u001b[90m TS18046: \u001b[0m'error' is of type 'unknown'.\r\n\r\n\u001b[7m12\u001b[0m       throw new Error('Error fetching users: ' + error.message);\r\n\u001b[7m  \u001b[0m \u001b[91m                                                 ~~~~~\u001b[0m\r\n\u001b[96msrc/Services/UserServices/User.Services.ts\u001b[0m:\u001b[93m22\u001b[0m:\u001b[93m49\u001b[0m - \u001b[91merror\u001b[0m\u001b[90m TS18046: \u001b[0m'error' is of type 'unknown'.\r\n\r\n\u001b[7m22\u001b[0m       throw new Error('Error creating user: ' + error.message);\r\n\u001b[7m  \u001b[0m \u001b[91m                                                ~~~~~\u001b[0m\r\n\u001b[96msrc/Services/UserServices/User.Services.ts\u001b[0m:\u001b[93m36\u001b[0m:\u001b[93m49\u001b[0m - \u001b[91merror\u001b[0m\u001b[90m TS18046: \u001b[0m'error' is of type 'unknown'.\r\n\r\n\u001b[7m36\u001b[0m       throw new Error('Error updating user: ' + error.message);\r\n\u001b[7m  \u001b[0m \u001b[91m                                                ~~~~~\u001b[0m\r\n\u001b[96msrc/Services/UserServices/User.Services.ts\u001b[0m:\u001b[93m46\u001b[0m:\u001b[93m49\u001b[0m - \u001b[91merror\u001b[0m\u001b[90m TS18046: \u001b[0m'error' is of type 'unknown'.\r\n\r\n\u001b[7m46\u001b[0m       throw new Error('Error deleting user: ' + error.message);\r\n\u001b[7m  \u001b[0m \u001b[91m                                                ~~~~~\u001b[0m\r\n\u001b[96msrc/Services/UserServices/User.Services.ts\u001b[0m:\u001b[93m56\u001b[0m:\u001b[93m49\u001b[0m - \u001b[91merror\u001b[0m\u001b[90m TS18046: \u001b[0m'error' is of type 'unknown'.\r\n\r\n\u001b[7m56\u001b[0m       throw new Error('Error fetching user: ' + error.message);\r\n\u001b[7m  \u001b[0m \u001b[91m                                                ~~~~~\u001b[0m\r\n\n    at createTSError (C:\\Users\\Yannick\\AppData\\Roaming\\npm\\node_modules\\ts-node\\src\\index.ts:859:12)\n    at reportTSError (C:\\Users\\Yannick\\AppData\\Roaming\\npm\\node_modules\\ts-node\\src\\index.ts:863:19)\n    at getOutput (C:\\Users\\Yannick\\AppData\\Roaming\\npm\\node_modules\\ts-node\\src\\index.ts:1077:36)\n    at Object.compile (C:\\Users\\Yannick\\AppData\\Roaming\\npm\\node_modules\\ts-node\\src\\index.ts:1433:41)\n    at Module.m._compile (C:\\Users\\Yannick\\AppData\\Roaming\\npm\\node_modules\\ts-node\\src\\index.ts:1617:30)\n    at Module._extensions..js (node:internal/modules/cjs/loader:1435:10)\n    at Object.require.extensions.<computed> [as .ts] (C:\\Users\\Yannick\\AppData\\Roaming\\npm\\node_modules\\ts-node\\src\\index.ts:1621:12)\n    at Module.load (node:internal/modules/cjs/loader:1207:32)\n    at Function.Module._load (node:internal/modules/cjs/loader:1023:12)\n    at Module.require (node:internal/modules/cjs/loader:1235:19)","timestamp":"2024-09-25T12:14:38.940Z","trace":[{"column":12,"file":"C:\\Users\\Yannick\\AppData\\Roaming\\npm\\node_modules\\ts-node\\src\\index.ts","function":"createTSError","line":859,"method":null,"native":false},{"column":19,"file":"C:\\Users\\Yannick\\AppData\\Roaming\\npm\\node_modules\\ts-node\\src\\index.ts","function":"reportTSError","line":863,"method":null,"native":false},{"column":36,"file":"C:\\Users\\Yannick\\AppData\\Roaming\\npm\\node_modules\\ts-node\\src\\index.ts","function":"getOutput","line":1077,"method":null,"native":false},{"column":41,"file":"C:\\Users\\Yannick\\AppData\\Roaming\\npm\\node_modules\\ts-node\\src\\index.ts","function":"Object.compile","line":1433,"method":"compile","native":false},{"column":30,"file":"C:\\Users\\Yannick\\AppData\\Roaming\\npm\\node_modules\\ts-node\\src\\index.ts","function":"Module.m._compile","line":1617,"method":"_compile","native":false},{"column":10,"file":"node:internal/modules/cjs/loader","function":"Module._extensions..js","line":1435,"method":".js","native":false},{"column":12,"file":"C:\\Users\\Yannick\\AppData\\Roaming\\npm\\node_modules\\ts-node\\src\\index.ts","function":"Object.require.extensions.<computed> [as .ts]","line":1621,"method":"ts]","native":false},{"column":32,"file":"node:internal/modules/cjs/loader","function":"Module.load","line":1207,"method":"load","native":false},{"column":12,"file":"node:internal/modules/cjs/loader","function":"Module._load","line":1023,"method":"_load","native":false},{"column":19,"file":"node:internal/modules/cjs/loader","function":"Module.require","line":1235,"method":"require","native":false}]}
error: uncaughtException:  Unable to compile TypeScript:
[96msrc/Services/UserServices/User.Services.ts[0m:[93m12[0m:[93m50[0m - [91merror[0m[90m TS18046: [0m'error' is of type 'unknown'.

[7m12[0m       throw new Error('Error fetching users: ' + error.message);
[7m  [0m [91m                                                 ~~~~~[0m
[96msrc/Services/UserServices/User.Services.ts[0m:[93m22[0m:[93m49[0m - [91merror[0m[90m TS18046: [0m'error' is of type 'unknown'.

[7m22[0m       throw new Error('Error creating user: ' + error.message);
[7m  [0m [91m                                                ~~~~~[0m
[96msrc/Services/UserServices/User.Services.ts[0m:[93m36[0m:[93m49[0m - [91merror[0m[90m TS18046: [0m'error' is of type 'unknown'.

[7m36[0m       throw new Error('Error updating user: ' + error.message);
[7m  [0m [91m                                                ~~~~~[0m
[96msrc/Services/UserServices/User.Services.ts[0m:[93m46[0m:[93m49[0m - [91merror[0m[90m TS18046: [0m'error' is of type 'unknown'.

[7m46[0m       throw new Error('Error deleting user: ' + error.m);
[7m  [0m [91m                                                ~~~~~[0m
[96msrc/Services/UserServices/User.Services.ts[0m:[93m56[0m:[93m49[0m - [91merror[0m[90m TS18046: [0m'error' is of type 'unknown'.

[7m56[0m       throw new Error('Error fetching user: ' + error.message);
[7m  [0m [91m                                                ~~~~~[0m

TSError:  Unable to compile TypeScript:
[96msrc/Services/UserServices/User.Services.ts[0m:[93m12[0m:[93m50[0m - [91merror[0m[90m TS18046: [0m'error' is of type 'unknown'.

[7m12[0m       throw new Error('Error fetching users: ' + error.message);
[7m  [0m [91m                                                 ~~~~~[0m
[96msrc/Services/UserServices/User.Services.ts[0m:[93m22[0m:[93m49[0m - [91merror[0m[90m TS18046: [0m'error' is of type 'unknown'.

[7m22[0m       throw new Error('Error creating user: ' + error.message);
[7m  [0m [91m                                                ~~~~~[0m
[96msrc/Services/UserServices/User.Services.ts[0m:[93m36[0m:[93m49[0m - [91merror[0m[90m TS18046: [0m'error' is of type 'unknown'.

[7m36[0m       throw new Error('Error updating user: ' + error.message);
[7m  [0m [91m                                                ~~~~~[0m
[96msrc/Services/UserServices/User.Services.ts[0m:[93m46[0m:[93m49[0m - [91merror[0m[90m TS18046: [0m'error' is of type 'unknown'.

[7m46[0m       throw new Error('Error deleting user: ' + error.m);
[7m  [0m [91m                                                ~~~~~[0m
[96msrc/Services/UserServices/User.Services.ts[0m:[93m56[0m:[93m49[0m - [91merror[0m[90m TS18046: [0m'error' is of type 'unknown'.

[7m56[0m       throw new Error('Error fetching user: ' + error.message);
[7m  [0m [91m                                                ~~~~~[0m

    at createTSError (C:\Users\Yannick\AppData\Roaming\npm\node_modules\ts-node\src\index.ts:859:12)
    at reportTSError (C:\Users\Yannick\AppData\Roaming\npm\node_modules\ts-node\src\index.ts:863:19)
    at getOutput (C:\Users\Yannick\AppData\Roaming\npm\node_modules\ts-node\src\index.ts:1077:36)
    at Object.compile (C:\Users\Yannick\AppData\Roaming\npm\node_modules\ts-node\src\index.ts:1433:41)
    at Module.m._compile (C:\Users\Yannick\AppData\Roaming\npm\node_modules\ts-node\src\index.ts:1617:30)
    at Module._extensions..js (node:internal/modules/cjs/loader:1435:10)
    at Object.require.extensions.<computed> [as .ts] (C:\Users\Yannick\AppData\Roaming\npm\node_modules\ts-node\src\index.ts:1621:12)
    at Module.load (node:internal/modules/cjs/loader:1207:32)
    at Function.Module._load (node:internal/modules/cjs/loader:1023:12)
    at Module.require (node:internal/modules/cjs/loader:1235:19) {"date":"Wed Sep 25 2024 05:15:15 GMT-0700 (Pacific Daylight Time)","error":{"diagnosticCodes":[18046,18046,18046,18046,18046]},"exception":true,"os":{"loadavg":[0,0,0],"uptime":10161.296},"process":{"argv":["C:\\Users\\Yannick\\AppData\\Roaming\\npm\\node_modules\\ts-node\\dist\\bin.js","C:\\Users\\Yannick\\Documents\\keepCoding\\Full-stack-projects\\Node-Full-Stack-Projects\\MERN-ECOMMERCE-APPLICATION\\src\\server.ts"],"cwd":"C:\\Users\\Yannick\\Documents\\keepCoding\\Full-stack-projects\\Node-Full-Stack-Projects\\MERN-ECOMMERCE-APPLICATION","execPath":"C:\\Program Files\\nodejs\\node.exe","gid":null,"memoryUsage":{"arrayBuffers":22869715,"external":25934353,"heapTotal":254853120,"heapUsed":228275448,"rss":299577344},"pid":12740,"uid":null,"version":"v20.11.0"},"stack":"TSError:  Unable to compile TypeScript:\n\u001b[96msrc/Services/UserServices/User.Services.ts\u001b[0m:\u001b[93m12\u001b[0m:\u001b[93m50\u001b[0m - \u001b[91merror\u001b[0m\u001b[90m TS18046: \u001b[0m'error' is of type 'unknown'.\r\n\r\n\u001b[7m12\u001b[0m       throw new Error('Error fetching users: ' + error.message);\r\n\u001b[7m  \u001b[0m \u001b[91m                                                 ~~~~~\u001b[0m\r\n\u001b[96msrc/Services/UserServices/User.Services.ts\u001b[0m:\u001b[93m22\u001b[0m:\u001b[93m49\u001b[0m - \u001b[91merror\u001b[0m\u001b[90m TS18046: \u001b[0m'error' is of type 'unknown'.\r\n\r\n\u001b[7m22\u001b[0m       throw new Error('Error creating user: ' + error.message);\r\n\u001b[7m  \u001b[0m \u001b[91m                                                ~~~~~\u001b[0m\r\n\u001b[96msrc/Services/UserServices/User.Services.ts\u001b[0m:\u001b[93m36\u001b[0m:\u001b[93m49\u001b[0m - \u001b[91merror\u001b[0m\u001b[90m TS18046: \u001b[0m'error' is of type 'unknown'.\r\n\r\n\u001b[7m36\u001b[0m       throw new Error('Error updating user: ' + error.message);\r\n\u001b[7m  \u001b[0m \u001b[91m                                                ~~~~~\u001b[0m\r\n\u001b[96msrc/Services/UserServices/User.Services.ts\u001b[0m:\u001b[93m46\u001b[0m:\u001b[93m49\u001b[0m - \u001b[91merror\u001b[0m\u001b[90m TS18046: \u001b[0m'error' is of type 'unknown'.\r\n\r\n\u001b[7m46\u001b[0m       throw new Error('Error deleting user: ' + error.m);\r\n\u001b[7m  \u001b[0m \u001b[91m                                                ~~~~~\u001b[0m\r\n\u001b[96msrc/Services/UserServices/User.Services.ts\u001b[0m:\u001b[93m56\u001b[0m:\u001b[93m49\u001b[0m - \u001b[91merror\u001b[0m\u001b[90m TS18046: \u001b[0m'error' is of type 'unknown'.\r\n\r\n\u001b[7m56\u001b[0m       throw new Error('Error fetching user: ' + error.message);\r\n\u001b[7m  \u001b[0m \u001b[91m                                                ~~~~~\u001b[0m\r\n\n    at createTSError (C:\\Users\\Yannick\\AppData\\Roaming\\npm\\node_modules\\ts-node\\src\\index.ts:859:12)\n    at reportTSError (C:\\Users\\Yannick\\AppData\\Roaming\\npm\\node_modules\\ts-node\\src\\index.ts:863:19)\n    at getOutput (C:\\Users\\Yannick\\AppData\\Roaming\\npm\\node_modules\\ts-node\\src\\index.ts:1077:36)\n    at Object.compile (C:\\Users\\Yannick\\AppData\\Roaming\\npm\\node_modules\\ts-node\\src\\index.ts:1433:41)\n    at Module.m._compile (C:\\Users\\Yannick\\AppData\\Roaming\\npm\\node_modules\\ts-node\\src\\index.ts:1617:30)\n    at Module._extensions..js (node:internal/modules/cjs/loader:1435:10)\n    at Object.require.extensions.<computed> [as .ts] (C:\\Users\\Yannick\\AppData\\Roaming\\npm\\node_modules\\ts-node\\src\\index.ts:1621:12)\n    at Module.load (node:internal/modules/cjs/loader:1207:32)\n    at Function.Module._load (node:internal/modules/cjs/loader:1023:12)\n    at Module.require (node:internal/modules/cjs/loader:1235:19)","timestamp":"2024-09-25T12:15:15.575Z","trace":[{"column":12,"file":"C:\\Users\\Yannick\\AppData\\Roaming\\npm\\node_modules\\ts-node\\src\\index.ts","function":"createTSError","line":859,"method":null,"native":false},{"column":19,"file":"C:\\Users\\Yannick\\AppData\\Roaming\\npm\\node_modules\\ts-node\\src\\index.ts","function":"reportTSError","line":863,"method":null,"native":false},{"column":36,"file":"C:\\Users\\Yannick\\AppData\\Roaming\\npm\\node_modules\\ts-node\\src\\index.ts","function":"getOutput","line":1077,"method":null,"native":false},{"column":41,"file":"C:\\Users\\Yannick\\AppData\\Roaming\\npm\\node_modules\\ts-node\\src\\index.ts","function":"Object.compile","line":1433,"method":"compile","native":false},{"column":30,"file":"C:\\Users\\Yannick\\AppData\\Roaming\\npm\\node_modules\\ts-node\\src\\index.ts","function":"Module.m._compile","line":1617,"method":"_compile","native":false},{"column":10,"file":"node:internal/modules/cjs/loader","function":"Module._extensions..js","line":1435,"method":".js","native":false},{"column":12,"file":"C:\\Users\\Yannick\\AppData\\Roaming\\npm\\node_modules\\ts-node\\src\\index.ts","function":"Object.require.extensions.<computed> [as .ts]","line":1621,"method":"ts]","native":false},{"column":32,"file":"node:internal/modules/cjs/loader","function":"Module.load","line":1207,"method":"load","native":false},{"column":12,"file":"node:internal/modules/cjs/loader","function":"Module._load","line":1023,"method":"_load","native":false},{"column":19,"file":"node:internal/modules/cjs/loader","function":"Module.require","line":1235,"method":"require","native":false}]}
error: uncaughtException:  Unable to compile TypeScript:
[96msrc/Services/UserServices/User.Services.ts[0m:[93m29[0m:[93m5[0m - [91merror[0m[90m TS2322: [0mType '(Document<unknown, {}, IUser> & IUser & Required<{ _id: number | String; }>) | null' is not assignable to type 'IUser'.
  Type 'null' is not assignable to type 'IUser'.

[7m29[0m     return data;
[7m  [0m [91m    ~~~~~~[0m
[96msrc/Services/UserServices/User.Services.ts[0m:[93m41[0m:[93m5[0m - [91merror[0m[90m TS2322: [0mType '(Document<unknown, {}, IUser> & IUser & Required<{ _id: number | String; }>) | null' is not assignable to type 'IUser'.
  Type 'null' is not assignable to type 'IUser'.

[7m41[0m     return data;
[7m  [0m [91m    ~~~~~~[0m

TSError:  Unable to compile TypeScript:
[96msrc/Services/UserServices/User.Services.ts[0m:[93m29[0m:[93m5[0m - [91merror[0m[90m TS2322: [0mType '(Document<unknown, {}, IUser> & IUser & Required<{ _id: number | String; }>) | null' is not assignable to type 'IUser'.
  Type 'null' is not assignable to type 'IUser'.

[7m29[0m     return data;
[7m  [0m [91m    ~~~~~~[0m
[96msrc/Services/UserServices/User.Services.ts[0m:[93m41[0m:[93m5[0m - [91merror[0m[90m TS2322: [0mType '(Document<unknown, {}, IUser> & IUser & Required<{ _id: number | String; }>) | null' is not assignable to type 'IUser'.
  Type 'null' is not assignable to type 'IUser'.

[7m41[0m     return data;
[7m  [0m [91m    ~~~~~~[0m

    at createTSError (C:\Users\Yannick\AppData\Roaming\npm\node_modules\ts-node\src\index.ts:859:12)
    at reportTSError (C:\Users\Yannick\AppData\Roaming\npm\node_modules\ts-node\src\index.ts:863:19)
    at getOutput (C:\Users\Yannick\AppData\Roaming\npm\node_modules\ts-node\src\index.ts:1077:36)
    at Object.compile (C:\Users\Yannick\AppData\Roaming\npm\node_modules\ts-node\src\index.ts:1433:41)
    at Module.m._compile (C:\Users\Yannick\AppData\Roaming\npm\node_modules\ts-node\src\index.ts:1617:30)
    at Module._extensions..js (node:internal/modules/cjs/loader:1435:10)
    at Object.require.extensions.<computed> [as .ts] (C:\Users\Yannick\AppData\Roaming\npm\node_modules\ts-node\src\index.ts:1621:12)
    at Module.load (node:internal/modules/cjs/loader:1207:32)
    at Function.Module._load (node:internal/modules/cjs/loader:1023:12)
    at Module.require (node:internal/modules/cjs/loader:1235:19) {"date":"Wed Sep 25 2024 05:15:29 GMT-0700 (Pacific Daylight Time)","error":{"diagnosticCodes":[2322,2322]},"exception":true,"os":{"loadavg":[0,0,0],"uptime":10174.796},"process":{"argv":["C:\\Users\\Yannick\\AppData\\Roaming\\npm\\node_modules\\ts-node\\dist\\bin.js","C:\\Users\\Yannick\\Documents\\keepCoding\\Full-stack-projects\\Node-Full-Stack-Projects\\MERN-ECOMMERCE-APPLICATION\\src\\server.ts"],"cwd":"C:\\Users\\Yannick\\Documents\\keepCoding\\Full-stack-projects\\Node-Full-Stack-Projects\\MERN-ECOMMERCE-APPLICATION","execPath":"C:\\Program Files\\nodejs\\node.exe","gid":null,"memoryUsage":{"arrayBuffers":22869771,"external":25934409,"heapTotal":255639552,"heapUsed":227415424,"rss":301895680},"pid":5980,"uid":null,"version":"v20.11.0"},"stack":"TSError:  Unable to compile TypeScript:\n\u001b[96msrc/Services/UserServices/User.Services.ts\u001b[0m:\u001b[93m29\u001b[0m:\u001b[93m5\u001b[0m - \u001b[91merror\u001b[0m\u001b[90m TS2322: \u001b[0mType '(Document<unknown, {}, IUser> & IUser & Required<{ _id: number | String; }>) | null' is not assignable to type 'IUser'.\r\n  Type 'null' is not assignable to type 'IUser'.\r\n\r\n\u001b[7m29\u001b[0m     return data;\r\n\u001b[7m  \u001b[0m \u001b[91m    ~~~~~~\u001b[0m\r\n\u001b[96msrc/Services/UserServices/User.Services.ts\u001b[0m:\u001b[93m41\u001b[0m:\u001b[93m5\u001b[0m - \u001b[91merror\u001b[0m\u001b[90m TS2322: \u001b[0mType '(Document<unknown, {}, IUser> & IUser & Required<{ _id: number | String; }>) | null' is not assignable to type 'IUser'.\r\n  Type 'null' is not assignable to type 'IUser'.\r\n\r\n\u001b[7m41\u001b[0m     return data;\r\n\u001b[7m  \u001b[0m \u001b[91m    ~~~~~~\u001b[0m\r\n\n    at createTSError (C:\\Users\\Yannick\\AppData\\Roaming\\npm\\node_modules\\ts-node\\src\\index.ts:859:12)\n    at reportTSError (C:\\Users\\Yannick\\AppData\\Roaming\\npm\\node_modules\\ts-node\\src\\index.ts:863:19)\n    at getOutput (C:\\Users\\Yannick\\AppData\\Roaming\\npm\\node_modules\\ts-node\\src\\index.ts:1077:36)\n    at Object.compile (C:\\Users\\Yannick\\AppData\\Roaming\\npm\\node_modules\\ts-node\\src\\index.ts:1433:41)\n    at Module.m._compile (C:\\Users\\Yannick\\AppData\\Roaming\\npm\\node_modules\\ts-node\\src\\index.ts:1617:30)\n    at Module._extensions..js (node:internal/modules/cjs/loader:1435:10)\n    at Object.require.extensions.<computed> [as .ts] (C:\\Users\\Yannick\\AppData\\Roaming\\npm\\node_modules\\ts-node\\src\\index.ts:1621:12)\n    at Module.load (node:internal/modules/cjs/loader:1207:32)\n    at Function.Module._load (node:internal/modules/cjs/loader:1023:12)\n    at Module.require (node:internal/modules/cjs/loader:1235:19)","timestamp":"2024-09-25T12:15:29.071Z","trace":[{"column":12,"file":"C:\\Users\\Yannick\\AppData\\Roaming\\npm\\node_modules\\ts-node\\src\\index.ts","function":"createTSError","line":859,"method":null,"native":false},{"column":19,"file":"C:\\Users\\Yannick\\AppData\\Roaming\\npm\\node_modules\\ts-node\\src\\index.ts","function":"reportTSError","line":863,"method":null,"native":false},{"column":36,"file":"C:\\Users\\Yannick\\AppData\\Roaming\\npm\\node_modules\\ts-node\\src\\index.ts","function":"getOutput","line":1077,"method":null,"native":false},{"column":41,"file":"C:\\Users\\Yannick\\AppData\\Roaming\\npm\\node_modules\\ts-node\\src\\index.ts","function":"Object.compile","line":1433,"method":"compile","native":false},{"column":30,"file":"C:\\Users\\Yannick\\AppData\\Roaming\\npm\\node_modules\\ts-node\\src\\index.ts","function":"Module.m._compile","line":1617,"method":"_compile","native":false},{"column":10,"file":"node:internal/modules/cjs/loader","function":"Module._extensions..js","line":1435,"method":".js","native":false},{"column":12,"file":"C:\\Users\\Yannick\\AppData\\Roaming\\npm\\node_modules\\ts-node\\src\\index.ts","function":"Object.require.extensions.<computed> [as .ts]","line":1621,"method":"ts]","native":false},{"column":32,"file":"node:internal/modules/cjs/loader","function":"Module.load","line":1207,"method":"load","native":false},{"column":12,"file":"node:internal/modules/cjs/loader","function":"Module._load","line":1023,"method":"_load","native":false},{"column":19,"file":"node:internal/modules/cjs/loader","function":"Module.require","line":1235,"method":"require","native":false}]}
error: uncaughtException:  Unable to compile TypeScript:
[96msrc/Services/UserServices/User.Services.ts[0m:[93m29[0m:[93m5[0m - [91merror[0m[90m TS2322: [0mType '(Document<unknown, {}, IUser> & IUser & Required<{ _id: number | String; }>) | null' is not assignable to type 'IUser'.
  Type 'null' is not assignable to type 'IUser'.

[7m29[0m     return data;
[7m  [0m [91m    ~~~~~~[0m
[96msrc/Services/UserServices/User.Services.ts[0m:[93m41[0m:[93m5[0m - [91merror[0m[90m TS2322: [0mType '(Document<unknown, {}, IUser> & IUser & Required<{ _id: number | String; }>) | null' is not assignable to type 'IUser'.
  Type 'null' is not assignable to type 'IUser'.

[7m41[0m     return data;
[7m  [0m [91m    ~~~~~~[0m

TSError:  Unable to compile TypeScript:
[96msrc/Services/UserServices/User.Services.ts[0m:[93m29[0m:[93m5[0m - [91merror[0m[90m TS2322: [0mType '(Document<unknown, {}, IUser> & IUser & Required<{ _id: number | String; }>) | null' is not assignable to type 'IUser'.
  Type 'null' is not assignable to type 'IUser'.

[7m29[0m     return data;
[7m  [0m [91m    ~~~~~~[0m
[96msrc/Services/UserServices/User.Services.ts[0m:[93m41[0m:[93m5[0m - [91merror[0m[90m TS2322: [0mType '(Document<unknown, {}, IUser> & IUser & Required<{ _id: number | String; }>) | null' is not assignable to type 'IUser'.
  Type 'null' is not assignable to type 'IUser'.

[7m41[0m     return data;
[7m  [0m [91m    ~~~~~~[0m

    at createTSError (C:\Users\Yannick\AppData\Roaming\npm\node_modules\ts-node\src\index.ts:859:12)
    at reportTSError (C:\Users\Yannick\AppData\Roaming\npm\node_modules\ts-node\src\index.ts:863:19)
    at getOutput (C:\Users\Yannick\AppData\Roaming\npm\node_modules\ts-node\src\index.ts:1077:36)
    at Object.compile (C:\Users\Yannick\AppData\Roaming\npm\node_modules\ts-node\src\index.ts:1433:41)
    at Module.m._compile (C:\Users\Yannick\AppData\Roaming\npm\node_modules\ts-node\src\index.ts:1617:30)
    at Module._extensions..js (node:internal/modules/cjs/loader:1435:10)
    at Object.require.extensions.<computed> [as .ts] (C:\Users\Yannick\AppData\Roaming\npm\node_modules\ts-node\src\index.ts:1621:12)
    at Module.load (node:internal/modules/cjs/loader:1207:32)
    at Function.Module._load (node:internal/modules/cjs/loader:1023:12)
    at Module.require (node:internal/modules/cjs/loader:1235:19) {"date":"Wed Sep 25 2024 05:15:44 GMT-0700 (Pacific Daylight Time)","error":{"diagnosticCodes":[2322,2322]},"exception":true,"os":{"loadavg":[0,0,0],"uptime":10190.593},"process":{"argv":["C:\\Users\\Yannick\\AppData\\Roaming\\npm\\node_modules\\ts-node\\dist\\bin.js","C:\\Users\\Yannick\\Documents\\keepCoding\\Full-stack-projects\\Node-Full-Stack-Projects\\MERN-ECOMMERCE-APPLICATION\\src\\server.ts"],"cwd":"C:\\Users\\Yannick\\Documents\\keepCoding\\Full-stack-projects\\Node-Full-Stack-Projects\\MERN-ECOMMERCE-APPLICATION","execPath":"C:\\Program Files\\nodejs\\node.exe","gid":null,"memoryUsage":{"arrayBuffers":22869739,"external":25934377,"heapTotal":255377408,"heapUsed":227885680,"rss":299810816},"pid":3324,"uid":null,"version":"v20.11.0"},"stack":"TSError:  Unable to compile TypeScript:\n\u001b[96msrc/Services/UserServices/User.Services.ts\u001b[0m:\u001b[93m29\u001b[0m:\u001b[93m5\u001b[0m - \u001b[91merror\u001b[0m\u001b[90m TS2322: \u001b[0mType '(Document<unknown, {}, IUser> & IUser & Required<{ _id: number | String; }>) | null' is not assignable to type 'IUser'.\r\n  Type 'null' is not assignable to type 'IUser'.\r\n\r\n\u001b[7m29\u001b[0m     return data;\r\n\u001b[7m  \u001b[0m \u001b[91m    ~~~~~~\u001b[0m\r\n\u001b[96msrc/Services/UserServices/User.Services.ts\u001b[0m:\u001b[93m41\u001b[0m:\u001b[93m5\u001b[0m - \u001b[91merror\u001b[0m\u001b[90m TS2322: \u001b[0mType '(Document<unknown, {}, IUser> & IUser & Required<{ _id: number | String; }>) | null' is not assignable to type 'IUser'.\r\n  Type 'null' is not assignable to type 'IUser'.\r\n\r\n\u001b[7m41\u001b[0m     return data;\r\n\u001b[7m  \u001b[0m \u001b[91m    ~~~~~~\u001b[0m\r\n\n    at createTSError (C:\\Users\\Yannick\\AppData\\Roaming\\npm\\node_modules\\ts-node\\src\\index.ts:859:12)\n    at reportTSError (C:\\Users\\Yannick\\AppData\\Roaming\\npm\\node_modules\\ts-node\\src\\index.ts:863:19)\n    at getOutput (C:\\Users\\Yannick\\AppData\\Roaming\\npm\\node_modules\\ts-node\\src\\index.ts:1077:36)\n    at Object.compile (C:\\Users\\Yannick\\AppData\\Roaming\\npm\\node_modules\\ts-node\\src\\index.ts:1433:41)\n    at Module.m._compile (C:\\Users\\Yannick\\AppData\\Roaming\\npm\\node_modules\\ts-node\\src\\index.ts:1617:30)\n    at Module._extensions..js (node:internal/modules/cjs/loader:1435:10)\n    at Object.require.extensions.<computed> [as .ts] (C:\\Users\\Yannick\\AppData\\Roaming\\npm\\node_modules\\ts-node\\src\\index.ts:1621:12)\n    at Module.load (node:internal/modules/cjs/loader:1207:32)\n    at Function.Module._load (node:internal/modules/cjs/loader:1023:12)\n    at Module.require (node:internal/modules/cjs/loader:1235:19)","timestamp":"2024-09-25T12:15:44.878Z","trace":[{"column":12,"file":"C:\\Users\\Yannick\\AppData\\Roaming\\npm\\node_modules\\ts-node\\src\\index.ts","function":"createTSError","line":859,"method":null,"native":false},{"column":19,"file":"C:\\Users\\Yannick\\AppData\\Roaming\\npm\\node_modules\\ts-node\\src\\index.ts","function":"reportTSError","line":863,"method":null,"native":false},{"column":36,"file":"C:\\Users\\Yannick\\AppData\\Roaming\\npm\\node_modules\\ts-node\\src\\index.ts","function":"getOutput","line":1077,"method":null,"native":false},{"column":41,"file":"C:\\Users\\Yannick\\AppData\\Roaming\\npm\\node_modules\\ts-node\\src\\index.ts","function":"Object.compile","line":1433,"method":"compile","native":false},{"column":30,"file":"C:\\Users\\Yannick\\AppData\\Roaming\\npm\\node_modules\\ts-node\\src\\index.ts","function":"Module.m._compile","line":1617,"method":"_compile","native":false},{"column":10,"file":"node:internal/modules/cjs/loader","function":"Module._extensions..js","line":1435,"method":".js","native":false},{"column":12,"file":"C:\\Users\\Yannick\\AppData\\Roaming\\npm\\node_modules\\ts-node\\src\\index.ts","function":"Object.require.extensions.<computed> [as .ts]","line":1621,"method":"ts]","native":false},{"column":32,"file":"node:internal/modules/cjs/loader","function":"Module.load","line":1207,"method":"load","native":false},{"column":12,"file":"node:internal/modules/cjs/loader","function":"Module._load","line":1023,"method":"_load","native":false},{"column":19,"file":"node:internal/modules/cjs/loader","function":"Module.require","line":1235,"method":"require","native":false}]}
error: uncaughtException:  Unable to compile TypeScript:
[96msrc/Services/UserServices/User.Services.ts[0m:[93m12[0m:[93m50[0m - [91merror[0m[90m TS18046: [0m'error' is of type 'unknown'.

[7m12[0m       throw new Error('Error fetching users: ' + error.message);
[7m  [0m [91m                                                 ~~~~~[0m
[96msrc/Services/UserServices/User.Services.ts[0m:[93m22[0m:[93m49[0m - [91merror[0m[90m TS18046: [0m'error' is of type 'unknown'.

[7m22[0m       throw new Error('Error creating user: ' + error.message);
[7m  [0m [91m                                                ~~~~~[0m
[96msrc/Services/UserServices/User.Services.ts[0m:[93m36[0m:[93m49[0m - [91merror[0m[90m TS18046: [0m'error' is of type 'unknown'.

[7m36[0m       throw new Error('Error updating user: ' + error.message);
[7m  [0m [91m                                                ~~~~~[0m
[96msrc/Services/UserServices/User.Services.ts[0m:[93m46[0m:[93m49[0m - [91merror[0m[90m TS18046: [0m'error' is of type 'unknown'.

[7m46[0m       throw new Error('Error deleting user: ' + error.message);
[7m  [0m [91m                                                ~~~~~[0m
[96msrc/Services/UserServices/User.Services.ts[0m:[93m56[0m:[93m49[0m - [91merror[0m[90m TS18046: [0m'error' is of type 'unknown'.

[7m56[0m       throw new Error('Error fetching user: ' + error.message);
[7m  [0m [91m                                                ~~~~~[0m

TSError:  Unable to compile TypeScript:
[96msrc/Services/UserServices/User.Services.ts[0m:[93m12[0m:[93m50[0m - [91merror[0m[90m TS18046: [0m'error' is of type 'unknown'.

[7m12[0m       throw new Error('Error fetching users: ' + error.message);
[7m  [0m [91m                                                 ~~~~~[0m
[96msrc/Services/UserServices/User.Services.ts[0m:[93m22[0m:[93m49[0m - [91merror[0m[90m TS18046: [0m'error' is of type 'unknown'.

[7m22[0m       throw new Error('Error creating user: ' + error.message);
[7m  [0m [91m                                                ~~~~~[0m
[96msrc/Services/UserServices/User.Services.ts[0m:[93m36[0m:[93m49[0m - [91merror[0m[90m TS18046: [0m'error' is of type 'unknown'.

[7m36[0m       throw new Error('Error updating user: ' + error.message);
[7m  [0m [91m                                                ~~~~~[0m
[96msrc/Services/UserServices/User.Services.ts[0m:[93m46[0m:[93m49[0m - [91merror[0m[90m TS18046: [0m'error' is of type 'unknown'.

[7m46[0m       throw new Error('Error deleting user: ' + error.message);
[7m  [0m [91m                                                ~~~~~[0m
[96msrc/Services/UserServices/User.Services.ts[0m:[93m56[0m:[93m49[0m - [91merror[0m[90m TS18046: [0m'error' is of type 'unknown'.

[7m56[0m       throw new Error('Error fetching user: ' + error.message);
[7m  [0m [91m                                                ~~~~~[0m

    at createTSError (C:\Users\Yannick\AppData\Roaming\npm\node_modules\ts-node\src\index.ts:859:12)
    at reportTSError (C:\Users\Yannick\AppData\Roaming\npm\node_modules\ts-node\src\index.ts:863:19)
    at getOutput (C:\Users\Yannick\AppData\Roaming\npm\node_modules\ts-node\src\index.ts:1077:36)
    at Object.compile (C:\Users\Yannick\AppData\Roaming\npm\node_modules\ts-node\src\index.ts:1433:41)
    at Module.m._compile (C:\Users\Yannick\AppData\Roaming\npm\node_modules\ts-node\src\index.ts:1617:30)
    at Module._extensions..js (node:internal/modules/cjs/loader:1435:10)
    at Object.require.extensions.<computed> [as .ts] (C:\Users\Yannick\AppData\Roaming\npm\node_modules\ts-node\src\index.ts:1621:12)
    at Module.load (node:internal/modules/cjs/loader:1207:32)
    at Function.Module._load (node:internal/modules/cjs/loader:1023:12)
    at Module.require (node:internal/modules/cjs/loader:1235:19) {"date":"Wed Sep 25 2024 05:17:56 GMT-0700 (Pacific Daylight Time)","error":{"diagnosticCodes":[18046,18046,18046,18046,18046]},"exception":true,"os":{"loadavg":[0,0,0],"uptime":10322.234},"process":{"argv":["C:\\Users\\Yannick\\AppData\\Roaming\\npm\\node_modules\\ts-node\\dist\\bin.js","C:\\Users\\Yannick\\Documents\\keepCoding\\Full-stack-projects\\Node-Full-Stack-Projects\\MERN-ECOMMERCE-APPLICATION\\src\\server.ts"],"cwd":"C:\\Users\\Yannick\\Documents\\keepCoding\\Full-stack-projects\\Node-Full-Stack-Projects\\MERN-ECOMMERCE-APPLICATION","execPath":"C:\\Program Files\\nodejs\\node.exe","gid":null,"memoryUsage":{"arrayBuffers":22869531,"external":25934169,"heapTotal":256950272,"heapUsed":223495272,"rss":297521152},"pid":13032,"uid":null,"version":"v20.11.0"},"stack":"TSError:  Unable to compile TypeScript:\n\u001b[96msrc/Services/UserServices/User.Services.ts\u001b[0m:\u001b[93m12\u001b[0m:\u001b[93m50\u001b[0m - \u001b[91merror\u001b[0m\u001b[90m TS18046: \u001b[0m'error' is of type 'unknown'.\r\n\r\n\u001b[7m12\u001b[0m       throw new Error('Error fetching users: ' + error.message);\r\n\u001b[7m  \u001b[0m \u001b[91m                                                 ~~~~~\u001b[0m\r\n\u001b[96msrc/Services/UserServices/User.Services.ts\u001b[0m:\u001b[93m22\u001b[0m:\u001b[93m49\u001b[0m - \u001b[91merror\u001b[0m\u001b[90m TS18046: \u001b[0m'error' is of type 'unknown'.\r\n\r\n\u001b[7m22\u001b[0m       throw new Error('Error creating user: ' + error.message);\r\n\u001b[7m  \u001b[0m \u001b[91m                                                ~~~~~\u001b[0m\r\n\u001b[96msrc/Services/UserServices/User.Services.ts\u001b[0m:\u001b[93m36\u001b[0m:\u001b[93m49\u001b[0m - \u001b[91merror\u001b[0m\u001b[90m TS18046: \u001b[0m'error' is of type 'unknown'.\r\n\r\n\u001b[7m36\u001b[0m       throw new Error('Error updating user: ' + error.message);\r\n\u001b[7m  \u001b[0m \u001b[91m                                                ~~~~~\u001b[0m\r\n\u001b[96msrc/Services/UserServices/User.Services.ts\u001b[0m:\u001b[93m46\u001b[0m:\u001b[93m49\u001b[0m - \u001b[91merror\u001b[0m\u001b[90m TS18046: \u001b[0m'error' is of type 'unknown'.\r\n\r\n\u001b[7m46\u001b[0m       throw new Error('Error deleting user: ' + error.message);\r\n\u001b[7m  \u001b[0m \u001b[91m                                                ~~~~~\u001b[0m\r\n\u001b[96msrc/Services/UserServices/User.Services.ts\u001b[0m:\u001b[93m56\u001b[0m:\u001b[93m49\u001b[0m - \u001b[91merror\u001b[0m\u001b[90m TS18046: \u001b[0m'error' is of type 'unknown'.\r\n\r\n\u001b[7m56\u001b[0m       throw new Error('Error fetching user: ' + error.message);\r\n\u001b[7m  \u001b[0m \u001b[91m                                                ~~~~~\u001b[0m\r\n\n    at createTSError (C:\\Users\\Yannick\\AppData\\Roaming\\npm\\node_modules\\ts-node\\src\\index.ts:859:12)\n    at reportTSError (C:\\Users\\Yannick\\AppData\\Roaming\\npm\\node_modules\\ts-node\\src\\index.ts:863:19)\n    at getOutput (C:\\Users\\Yannick\\AppData\\Roaming\\npm\\node_modules\\ts-node\\src\\index.ts:1077:36)\n    at Object.compile (C:\\Users\\Yannick\\AppData\\Roaming\\npm\\node_modules\\ts-node\\src\\index.ts:1433:41)\n    at Module.m._compile (C:\\Users\\Yannick\\AppData\\Roaming\\npm\\node_modules\\ts-node\\src\\index.ts:1617:30)\n    at Module._extensions..js (node:internal/modules/cjs/loader:1435:10)\n    at Object.require.extensions.<computed> [as .ts] (C:\\Users\\Yannick\\AppData\\Roaming\\npm\\node_modules\\ts-node\\src\\index.ts:1621:12)\n    at Module.load (node:internal/modules/cjs/loader:1207:32)\n    at Function.Module._load (node:internal/modules/cjs/loader:1023:12)\n    at Module.require (node:internal/modules/cjs/loader:1235:19)","timestamp":"2024-09-25T12:17:56.508Z","trace":[{"column":12,"file":"C:\\Users\\Yannick\\AppData\\Roaming\\npm\\node_modules\\ts-node\\src\\index.ts","function":"createTSError","line":859,"method":null,"native":false},{"column":19,"file":"C:\\Users\\Yannick\\AppData\\Roaming\\npm\\node_modules\\ts-node\\src\\index.ts","function":"reportTSError","line":863,"method":null,"native":false},{"column":36,"file":"C:\\Users\\Yannick\\AppData\\Roaming\\npm\\node_modules\\ts-node\\src\\index.ts","function":"getOutput","line":1077,"method":null,"native":false},{"column":41,"file":"C:\\Users\\Yannick\\AppData\\Roaming\\npm\\node_modules\\ts-node\\src\\index.ts","function":"Object.compile","line":1433,"method":"compile","native":false},{"column":30,"file":"C:\\Users\\Yannick\\AppData\\Roaming\\npm\\node_modules\\ts-node\\src\\index.ts","function":"Module.m._compile","line":1617,"method":"_compile","native":false},{"column":10,"file":"node:internal/modules/cjs/loader","function":"Module._extensions..js","line":1435,"method":".js","native":false},{"column":12,"file":"C:\\Users\\Yannick\\AppData\\Roaming\\npm\\node_modules\\ts-node\\src\\index.ts","function":"Object.require.extensions.<computed> [as .ts]","line":1621,"method":"ts]","native":false},{"column":32,"file":"node:internal/modules/cjs/loader","function":"Module.load","line":1207,"method":"load","native":false},{"column":12,"file":"node:internal/modules/cjs/loader","function":"Module._load","line":1023,"method":"_load","native":false},{"column":19,"file":"node:internal/modules/cjs/loader","function":"Module.require","line":1235,"method":"require","native":false}]}
error: uncaughtException:  Unable to compile TypeScript:
[96msrc/Services/UserServices/User.Services.ts[0m:[93m12[0m:[93m50[0m - [91merror[0m[90m TS18046: [0m'error' is of type 'unknown'.

[7m12[0m       throw new Error('Error fetching users: ' + error.message);
[7m  [0m [91m                                                 ~~~~~[0m
[96msrc/Services/UserServices/User.Services.ts[0m:[93m22[0m:[93m49[0m - [91merror[0m[90m TS18046: [0m'error' is of type 'unknown'.

[7m22[0m       throw new Error('Error creating user: ' + error.message);
[7m  [0m [91m                                                ~~~~~[0m
[96msrc/Services/UserServices/User.Services.ts[0m:[93m36[0m:[93m49[0m - [91merror[0m[90m TS18046: [0m'error' is of type 'unknown'.

[7m36[0m       throw new Error('Error updating user: ' + error.message);
[7m  [0m [91m                                                ~~~~~[0m
[96msrc/Services/UserServices/User.Services.ts[0m:[93m46[0m:[93m49[0m - [91merror[0m[90m TS18046: [0m'error' is of type 'unknown'.

[7m46[0m       throw new Error('Error deleting user: ' + error.message);
[7m  [0m [91m                                                ~~~~~[0m
[96msrc/Services/UserServices/User.Services.ts[0m:[93m56[0m:[93m49[0m - [91merror[0m[90m TS18046: [0m'error' is of type 'unknown'.

[7m56[0m       throw new Error('Error fetching user: ' + error.message);
[7m  [0m [91m                                                ~~~~~[0m

TSError:  Unable to compile TypeScript:
[96msrc/Services/UserServices/User.Services.ts[0m:[93m12[0m:[93m50[0m - [91merror[0m[90m TS18046: [0m'error' is of type 'unknown'.

[7m12[0m       throw new Error('Error fetching users: ' + error.message);
[7m  [0m [91m                                                 ~~~~~[0m
[96msrc/Services/UserServices/User.Services.ts[0m:[93m22[0m:[93m49[0m - [91merror[0m[90m TS18046: [0m'error' is of type 'unknown'.

[7m22[0m       throw new Error('Error creating user: ' + error.message);
[7m  [0m [91m                                                ~~~~~[0m
[96msrc/Services/UserServices/User.Services.ts[0m:[93m36[0m:[93m49[0m - [91merror[0m[90m TS18046: [0m'error' is of type 'unknown'.

[7m36[0m       throw new Error('Error updating user: ' + error.message);
[7m  [0m [91m                                                ~~~~~[0m
[96msrc/Services/UserServices/User.Services.ts[0m:[93m46[0m:[93m49[0m - [91merror[0m[90m TS18046: [0m'error' is of type 'unknown'.

[7m46[0m       throw new Error('Error deleting user: ' + error.message);
[7m  [0m [91m                                                ~~~~~[0m
[96msrc/Services/UserServices/User.Services.ts[0m:[93m56[0m:[93m49[0m - [91merror[0m[90m TS18046: [0m'error' is of type 'unknown'.

[7m56[0m       throw new Error('Error fetching user: ' + error.message);
[7m  [0m [91m                                                ~~~~~[0m

    at createTSError (C:\Users\Yannick\AppData\Roaming\npm\node_modules\ts-node\src\index.ts:859:12)
    at reportTSError (C:\Users\Yannick\AppData\Roaming\npm\node_modules\ts-node\src\index.ts:863:19)
    at getOutput (C:\Users\Yannick\AppData\Roaming\npm\node_modules\ts-node\src\index.ts:1077:36)
    at Object.compile (C:\Users\Yannick\AppData\Roaming\npm\node_modules\ts-node\src\index.ts:1433:41)
    at Module.m._compile (C:\Users\Yannick\AppData\Roaming\npm\node_modules\ts-node\src\index.ts:1617:30)
    at Module._extensions..js (node:internal/modules/cjs/loader:1435:10)
    at Object.require.extensions.<computed> [as .ts] (C:\Users\Yannick\AppData\Roaming\npm\node_modules\ts-node\src\index.ts:1621:12)
    at Module.load (node:internal/modules/cjs/loader:1207:32)
    at Function.Module._load (node:internal/modules/cjs/loader:1023:12)
    at Module.require (node:internal/modules/cjs/loader:1235:19) {"date":"Wed Sep 25 2024 05:18:15 GMT-0700 (Pacific Daylight Time)","error":{"diagnosticCodes":[18046,18046,18046,18046,18046]},"exception":true,"os":{"loadavg":[0,0,0],"uptime":10340.765},"process":{"argv":["C:\\Users\\Yannick\\AppData\\Roaming\\npm\\node_modules\\ts-node\\dist\\bin.js","C:\\Users\\Yannick\\Documents\\keepCoding\\Full-stack-projects\\Node-Full-Stack-Projects\\MERN-ECOMMERCE-APPLICATION\\src\\server.ts"],"cwd":"C:\\Users\\Yannick\\Documents\\keepCoding\\Full-stack-projects\\Node-Full-Stack-Projects\\MERN-ECOMMERCE-APPLICATION","execPath":"C:\\Program Files\\nodejs\\node.exe","gid":null,"memoryUsage":{"arrayBuffers":22869539,"external":25934177,"heapTotal":257212416,"heapUsed":226228080,"rss":297893888},"pid":7440,"uid":null,"version":"v20.11.0"},"stack":"TSError:  Unable to compile TypeScript:\n\u001b[96msrc/Services/UserServices/User.Services.ts\u001b[0m:\u001b[93m12\u001b[0m:\u001b[93m50\u001b[0m - \u001b[91merror\u001b[0m\u001b[90m TS18046: \u001b[0m'error' is of type 'unknown'.\r\n\r\n\u001b[7m12\u001b[0m       throw new Error('Error fetching users: ' + error.message);\r\n\u001b[7m  \u001b[0m \u001b[91m                                                 ~~~~~\u001b[0m\r\n\u001b[96msrc/Services/UserServices/User.Services.ts\u001b[0m:\u001b[93m22\u001b[0m:\u001b[93m49\u001b[0m - \u001b[91merror\u001b[0m\u001b[90m TS18046: \u001b[0m'error' is of type 'unknown'.\r\n\r\n\u001b[7m22\u001b[0m       throw new Error('Error creating user: ' + error.message);\r\n\u001b[7m  \u001b[0m \u001b[91m                                                ~~~~~\u001b[0m\r\n\u001b[96msrc/Services/UserServices/User.Services.ts\u001b[0m:\u001b[93m36\u001b[0m:\u001b[93m49\u001b[0m - \u001b[91merror\u001b[0m\u001b[90m TS18046: \u001b[0m'error' is of type 'unknown'.\r\n\r\n\u001b[7m36\u001b[0m       throw new Error('Error updating user: ' + error.message);\r\n\u001b[7m  \u001b[0m \u001b[91m                                                ~~~~~\u001b[0m\r\n\u001b[96msrc/Services/UserServices/User.Services.ts\u001b[0m:\u001b[93m46\u001b[0m:\u001b[93m49\u001b[0m - \u001b[91merror\u001b[0m\u001b[90m TS18046: \u001b[0m'error' is of type 'unknown'.\r\n\r\n\u001b[7m46\u001b[0m       throw new Error('Error deleting user: ' + error.message);\r\n\u001b[7m  \u001b[0m \u001b[91m                                                ~~~~~\u001b[0m\r\n\u001b[96msrc/Services/UserServices/User.Services.ts\u001b[0m:\u001b[93m56\u001b[0m:\u001b[93m49\u001b[0m - \u001b[91merror\u001b[0m\u001b[90m TS18046: \u001b[0m'error' is of type 'unknown'.\r\n\r\n\u001b[7m56\u001b[0m       throw new Error('Error fetching user: ' + error.message);\r\n\u001b[7m  \u001b[0m \u001b[91m                                                ~~~~~\u001b[0m\r\n\n    at createTSError (C:\\Users\\Yannick\\AppData\\Roaming\\npm\\node_modules\\ts-node\\src\\index.ts:859:12)\n    at reportTSError (C:\\Users\\Yannick\\AppData\\Roaming\\npm\\node_modules\\ts-node\\src\\index.ts:863:19)\n    at getOutput (C:\\Users\\Yannick\\AppData\\Roaming\\npm\\node_modules\\ts-node\\src\\index.ts:1077:36)\n    at Object.compile (C:\\Users\\Yannick\\AppData\\Roaming\\npm\\node_modules\\ts-node\\src\\index.ts:1433:41)\n    at Module.m._compile (C:\\Users\\Yannick\\AppData\\Roaming\\npm\\node_modules\\ts-node\\src\\index.ts:1617:30)\n    at Module._extensions..js (node:internal/modules/cjs/loader:1435:10)\n    at Object.require.extensions.<computed> [as .ts] (C:\\Users\\Yannick\\AppData\\Roaming\\npm\\node_modules\\ts-node\\src\\index.ts:1621:12)\n    at Module.load (node:internal/modules/cjs/loader:1207:32)\n    at Function.Module._load (node:internal/modules/cjs/loader:1023:12)\n    at Module.require (node:internal/modules/cjs/loader:1235:19)","timestamp":"2024-09-25T12:18:15.033Z","trace":[{"column":12,"file":"C:\\Users\\Yannick\\AppData\\Roaming\\npm\\node_modules\\ts-node\\src\\index.ts","function":"createTSError","line":859,"method":null,"native":false},{"column":19,"file":"C:\\Users\\Yannick\\AppData\\Roaming\\npm\\node_modules\\ts-node\\src\\index.ts","function":"reportTSError","line":863,"method":null,"native":false},{"column":36,"file":"C:\\Users\\Yannick\\AppData\\Roaming\\npm\\node_modules\\ts-node\\src\\index.ts","function":"getOutput","line":1077,"method":null,"native":false},{"column":41,"file":"C:\\Users\\Yannick\\AppData\\Roaming\\npm\\node_modules\\ts-node\\src\\index.ts","function":"Object.compile","line":1433,"method":"compile","native":false},{"column":30,"file":"C:\\Users\\Yannick\\AppData\\Roaming\\npm\\node_modules\\ts-node\\src\\index.ts","function":"Module.m._compile","line":1617,"method":"_compile","native":false},{"column":10,"file":"node:internal/modules/cjs/loader","function":"Module._extensions..js","line":1435,"method":".js","native":false},{"column":12,"file":"C:\\Users\\Yannick\\AppData\\Roaming\\npm\\node_modules\\ts-node\\src\\index.ts","function":"Object.require.extensions.<computed> [as .ts]","line":1621,"method":"ts]","native":false},{"column":32,"file":"node:internal/modules/cjs/loader","function":"Module.load","line":1207,"method":"load","native":false},{"column":12,"file":"node:internal/modules/cjs/loader","function":"Module._load","line":1023,"method":"_load","native":false},{"column":19,"file":"node:internal/modules/cjs/loader","function":"Module.require","line":1235,"method":"require","native":false}]}
error: 
    status - 500 
    message - Error: Error fetching users: Operation `users.find()` buffering timed out after 10000ms
    at UserService.<anonymous> (C:\Users\Yannick\Documents\keepCoding\Full-stack-projects\Node-Full-Stack-Projects\MERN-ECOMMERCE-APPLICATION\src\Services\UserServices\User.Services.ts:13:15)
    at Generator.throw (<anonymous>)
    at rejected (C:\Users\Yannick\Documents\keepCoding\Full-stack-projects\Node-Full-Stack-Projects\MERN-ECOMMERCE-APPLICATION\src\Services\UserServices\User.Services.ts:6:65)
    at processTicksAndRejections (node:internal/process/task_queues:95:5) 
    url - /api/v1/users/ 
    method - GET 
    IP - ::1
   {"timestamp":"2024-09-25T12:23:15.992Z"}
error: 
    status - 500 
    message - Error: Error fetching users: Operation `users.find()` buffering timed out after 10000ms
    at UserService.<anonymous> (C:\Users\Yannick\Documents\keepCoding\Full-stack-projects\Node-Full-Stack-Projects\MERN-ECOMMERCE-APPLICATION\src\Services\UserServices\User.Services.ts:13:15)
    at Generator.throw (<anonymous>)
    at rejected (C:\Users\Yannick\Documents\keepCoding\Full-stack-projects\Node-Full-Stack-Projects\MERN-ECOMMERCE-APPLICATION\src\Services\UserServices\User.Services.ts:6:65)
    at processTicksAndRejections (node:internal/process/task_queues:95:5) 
    url - /api/v1/users/all-users 
    method - GET 
    IP - ::1
   {"timestamp":"2024-09-25T12:25:25.450Z"}
error: 
      status - 400
      message - Authorization token is required 
      url - /api/v1/users/1 
      method - GET 
      IP - ::1
     {"timestamp":"2024-09-25T12:28:12.267Z"}
error: 
    status - 500 
    message - Error: Error fetching users: Operation `users.find()` buffering timed out after 10000ms
    at UserService.<anonymous> (C:\Users\Yannick\Documents\keepCoding\Full-stack-projects\Node-Full-Stack-Projects\MERN-ECOMMERCE-APPLICATION\src\Services\UserServices\User.Services.ts:13:15)
    at Generator.throw (<anonymous>)
    at rejected (C:\Users\Yannick\Documents\keepCoding\Full-stack-projects\Node-Full-Stack-Projects\MERN-ECOMMERCE-APPLICATION\src\Services\UserServices\User.Services.ts:6:65)
    at processTicksAndRejections (node:internal/process/task_queues:95:5) 
    url - /api/v1/users/all-users 
    method - GET 
    IP - ::1
   {"timestamp":"2024-09-25T12:34:08.189Z"}
error: uncaughtException:  Unable to compile TypeScript:
[96msrc/Routes/userTest/userTest.route.ts[0m:[93m2[0m:[93m10[0m - [91merror[0m[90m TS2614: [0mModule '"../../Controllers/UserTestController/User.test"' has no exported member 'users'. Did you mean to use 'import users from "../../Controllers/UserTestController/User.test"' instead?

[7m2[0m import { users } from '../../Controllers/UserTestController/User.test';
[7m [0m [91m         ~~~~~[0m

TSError:  Unable to compile TypeScript:
[96msrc/Routes/userTest/userTest.route.ts[0m:[93m2[0m:[93m10[0m - [91merror[0m[90m TS2614: [0mModule '"../../Controllers/UserTestController/User.test"' has no exported member 'users'. Did you mean to use 'import users from "../../Controllers/UserTestController/User.test"' instead?

[7m2[0m import { users } from '../../Controllers/UserTestController/User.test';
[7m [0m [91m         ~~~~~[0m

    at createTSError (C:\Users\Yannick\AppData\Roaming\npm\node_modules\ts-node\src\index.ts:859:12)
    at reportTSError (C:\Users\Yannick\AppData\Roaming\npm\node_modules\ts-node\src\index.ts:863:19)
    at getOutput (C:\Users\Yannick\AppData\Roaming\npm\node_modules\ts-node\src\index.ts:1077:36)
    at Object.compile (C:\Users\Yannick\AppData\Roaming\npm\node_modules\ts-node\src\index.ts:1433:41)
    at Module.m._compile (C:\Users\Yannick\AppData\Roaming\npm\node_modules\ts-node\src\index.ts:1617:30)
    at Module._extensions..js (node:internal/modules/cjs/loader:1435:10)
    at Object.require.extensions.<computed> [as .ts] (C:\Users\Yannick\AppData\Roaming\npm\node_modules\ts-node\src\index.ts:1621:12)
    at Module.load (node:internal/modules/cjs/loader:1207:32)
    at Function.Module._load (node:internal/modules/cjs/loader:1023:12)
    at Module.require (node:internal/modules/cjs/loader:1235:19) {"date":"Wed Sep 25 2024 05:54:37 GMT-0700 (Pacific Daylight Time)","error":{"diagnosticCodes":[2614]},"exception":true,"os":{"loadavg":[0,0,0],"uptime":12522.984},"process":{"argv":["C:\\Users\\Yannick\\AppData\\Roaming\\npm\\node_modules\\ts-node\\dist\\bin.js","C:\\Users\\Yannick\\Documents\\keepCoding\\Full-stack-projects\\Node-Full-Stack-Projects\\MERN-ECOMMERCE-APPLICATION\\src\\server.ts"],"cwd":"C:\\Users\\Yannick\\Documents\\keepCoding\\Full-stack-projects\\Node-Full-Stack-Projects\\MERN-ECOMMERCE-APPLICATION","execPath":"C:\\Program Files\\nodejs\\node.exe","gid":null,"memoryUsage":{"arrayBuffers":22869611,"external":25934249,"heapTotal":267096064,"heapUsed":243421176,"rss":312627200},"pid":12504,"uid":null,"version":"v20.11.0"},"stack":"TSError:  Unable to compile TypeScript:\n\u001b[96msrc/Routes/userTest/userTest.route.ts\u001b[0m:\u001b[93m2\u001b[0m:\u001b[93m10\u001b[0m - \u001b[91merror\u001b[0m\u001b[90m TS2614: \u001b[0mModule '\"../../Controllers/UserTestController/User.test\"' has no exported member 'users'. Did you mean to use 'import users from \"../../Controllers/UserTestController/User.test\"' instead?\r\n\r\n\u001b[7m2\u001b[0m import { users } from '../../Controllers/UserTestController/User.test';\r\n\u001b[7m \u001b[0m \u001b[91m         ~~~~~\u001b[0m\r\n\n    at createTSError (C:\\Users\\Yannick\\AppData\\Roaming\\npm\\node_modules\\ts-node\\src\\index.ts:859:12)\n    at reportTSError (C:\\Users\\Yannick\\AppData\\Roaming\\npm\\node_modules\\ts-node\\src\\index.ts:863:19)\n    at getOutput (C:\\Users\\Yannick\\AppData\\Roaming\\npm\\node_modules\\ts-node\\src\\index.ts:1077:36)\n    at Object.compile (C:\\Users\\Yannick\\AppData\\Roaming\\npm\\node_modules\\ts-node\\src\\index.ts:1433:41)\n    at Module.m._compile (C:\\Users\\Yannick\\AppData\\Roaming\\npm\\node_modules\\ts-node\\src\\index.ts:1617:30)\n    at Module._extensions..js (node:internal/modules/cjs/loader:1435:10)\n    at Object.require.extensions.<computed> [as .ts] (C:\\Users\\Yannick\\AppData\\Roaming\\npm\\node_modules\\ts-node\\src\\index.ts:1621:12)\n    at Module.load (node:internal/modules/cjs/loader:1207:32)\n    at Function.Module._load (node:internal/modules/cjs/loader:1023:12)\n    at Module.require (node:internal/modules/cjs/loader:1235:19)","timestamp":"2024-09-25T12:54:37.271Z","trace":[{"column":12,"file":"C:\\Users\\Yannick\\AppData\\Roaming\\npm\\node_modules\\ts-node\\src\\index.ts","function":"createTSError","line":859,"method":null,"native":false},{"column":19,"file":"C:\\Users\\Yannick\\AppData\\Roaming\\npm\\node_modules\\ts-node\\src\\index.ts","function":"reportTSError","line":863,"method":null,"native":false},{"column":36,"file":"C:\\Users\\Yannick\\AppData\\Roaming\\npm\\node_modules\\ts-node\\src\\index.ts","function":"getOutput","line":1077,"method":null,"native":false},{"column":41,"file":"C:\\Users\\Yannick\\AppData\\Roaming\\npm\\node_modules\\ts-node\\src\\index.ts","function":"Object.compile","line":1433,"method":"compile","native":false},{"column":30,"file":"C:\\Users\\Yannick\\AppData\\Roaming\\npm\\node_modules\\ts-node\\src\\index.ts","function":"Module.m._compile","line":1617,"method":"_compile","native":false},{"column":10,"file":"node:internal/modules/cjs/loader","function":"Module._extensions..js","line":1435,"method":".js","native":false},{"column":12,"file":"C:\\Users\\Yannick\\AppData\\Roaming\\npm\\node_modules\\ts-node\\src\\index.ts","function":"Object.require.extensions.<computed> [as .ts]","line":1621,"method":"ts]","native":false},{"column":32,"file":"node:internal/modules/cjs/loader","function":"Module.load","line":1207,"method":"load","native":false},{"column":12,"file":"node:internal/modules/cjs/loader","function":"Module._load","line":1023,"method":"_load","native":false},{"column":19,"file":"node:internal/modules/cjs/loader","function":"Module.require","line":1235,"method":"require","native":false}]}
error: uncaughtException:  Unable to compile TypeScript:
[96msrc/Routes/userTest/userTest.route.ts[0m:[93m2[0m:[93m10[0m - [91merror[0m[90m TS2614: [0mModule '"../../Controllers/UserTestController/User.test"' has no exported member 'Users'. Did you mean to use 'import Users from "../../Controllers/UserTestController/User.test"' instead?

[7m2[0m import { Users } from '../../Controllers/UserTestController/User.test';
[7m [0m [91m         ~~~~~[0m
[96msrc/Routes/userTest/userTest.route.ts[0m:[93m4[0m:[93m19[0m - [91merror[0m[90m TS2552: [0mCannot find name 'users'. Did you mean 'Users'?

[7m4[0m router.get('api', users);
[7m [0m [91m                  ~~~~~[0m

TSError:  Unable to compile TypeScript:
[96msrc/Routes/userTest/userTest.route.ts[0m:[93m2[0m:[93m10[0m - [91merror[0m[90m TS2614: [0mModule '"../../Controllers/UserTestController/User.test"' has no exported member 'Users'. Did you mean to use 'import Users from "../../Controllers/UserTestController/User.test"' instead?

[7m2[0m import { Users } from '../../Controllers/UserTestController/User.test';
[7m [0m [91m         ~~~~~[0m
[96msrc/Routes/userTest/userTest.route.ts[0m:[93m4[0m:[93m19[0m - [91merror[0m[90m TS2552: [0mCannot find name 'users'. Did you mean 'Users'?

[7m4[0m router.get('api', users);
[7m [0m [91m                  ~~~~~[0m

    at createTSError (C:\Users\Yannick\AppData\Roaming\npm\node_modules\ts-node\src\index.ts:859:12)
    at reportTSError (C:\Users\Yannick\AppData\Roaming\npm\node_modules\ts-node\src\index.ts:863:19)
    at getOutput (C:\Users\Yannick\AppData\Roaming\npm\node_modules\ts-node\src\index.ts:1077:36)
    at Object.compile (C:\Users\Yannick\AppData\Roaming\npm\node_modules\ts-node\src\index.ts:1433:41)
    at Module.m._compile (C:\Users\Yannick\AppData\Roaming\npm\node_modules\ts-node\src\index.ts:1617:30)
    at Module._extensions..js (node:internal/modules/cjs/loader:1435:10)
    at Object.require.extensions.<computed> [as .ts] (C:\Users\Yannick\AppData\Roaming\npm\node_modules\ts-node\src\index.ts:1621:12)
    at Module.load (node:internal/modules/cjs/loader:1207:32)
    at Function.Module._load (node:internal/modules/cjs/loader:1023:12)
    at Module.require (node:internal/modules/cjs/loader:1235:19) {"date":"Wed Sep 25 2024 05:55:14 GMT-0700 (Pacific Daylight Time)","error":{"diagnosticCodes":[2614,2552]},"exception":true,"os":{"loadavg":[0,0,0],"uptime":12560.671},"process":{"argv":["C:\\Users\\Yannick\\AppData\\Roaming\\npm\\node_modules\\ts-node\\dist\\bin.js","C:\\Users\\Yannick\\Documents\\keepCoding\\Full-stack-projects\\Node-Full-Stack-Projects\\MERN-ECOMMERCE-APPLICATION\\src\\server.ts"],"cwd":"C:\\Users\\Yannick\\Documents\\keepCoding\\Full-stack-projects\\Node-Full-Stack-Projects\\MERN-ECOMMERCE-APPLICATION","execPath":"C:\\Program Files\\nodejs\\node.exe","gid":null,"memoryUsage":{"arrayBuffers":22869523,"external":25934161,"heapTotal":269717504,"heapUsed":236240216,"rss":315559936},"pid":2144,"uid":null,"version":"v20.11.0"},"stack":"TSError:  Unable to compile TypeScript:\n\u001b[96msrc/Routes/userTest/userTest.route.ts\u001b[0m:\u001b[93m2\u001b[0m:\u001b[93m10\u001b[0m - \u001b[91merror\u001b[0m\u001b[90m TS2614: \u001b[0mModule '\"../../Controllers/UserTestController/User.test\"' has no exported member 'Users'. Did you mean to use 'import Users from \"../../Controllers/UserTestController/User.test\"' instead?\r\n\r\n\u001b[7m2\u001b[0m import { Users } from '../../Controllers/UserTestController/User.test';\r\n\u001b[7m \u001b[0m \u001b[91m         ~~~~~\u001b[0m\r\n\u001b[96msrc/Routes/userTest/userTest.route.ts\u001b[0m:\u001b[93m4\u001b[0m:\u001b[93m19\u001b[0m - \u001b[91merror\u001b[0m\u001b[90m TS2552: \u001b[0mCannot find name 'users'. Did you mean 'Users'?\r\n\r\n\u001b[7m4\u001b[0m router.get('api', users);\r\n\u001b[7m \u001b[0m \u001b[91m                  ~~~~~\u001b[0m\r\n\n    at createTSError (C:\\Users\\Yannick\\AppData\\Roaming\\npm\\node_modules\\ts-node\\src\\index.ts:859:12)\n    at reportTSError (C:\\Users\\Yannick\\AppData\\Roaming\\npm\\node_modules\\ts-node\\src\\index.ts:863:19)\n    at getOutput (C:\\Users\\Yannick\\AppData\\Roaming\\npm\\node_modules\\ts-node\\src\\index.ts:1077:36)\n    at Object.compile (C:\\Users\\Yannick\\AppData\\Roaming\\npm\\node_modules\\ts-node\\src\\index.ts:1433:41)\n    at Module.m._compile (C:\\Users\\Yannick\\AppData\\Roaming\\npm\\node_modules\\ts-node\\src\\index.ts:1617:30)\n    at Module._extensions..js (node:internal/modules/cjs/loader:1435:10)\n    at Object.require.extensions.<computed> [as .ts] (C:\\Users\\Yannick\\AppData\\Roaming\\npm\\node_modules\\ts-node\\src\\index.ts:1621:12)\n    at Module.load (node:internal/modules/cjs/loader:1207:32)\n    at Function.Module._load (node:internal/modules/cjs/loader:1023:12)\n    at Module.require (node:internal/modules/cjs/loader:1235:19)","timestamp":"2024-09-25T12:55:14.961Z","trace":[{"column":12,"file":"C:\\Users\\Yannick\\AppData\\Roaming\\npm\\node_modules\\ts-node\\src\\index.ts","function":"createTSError","line":859,"method":null,"native":false},{"column":19,"file":"C:\\Users\\Yannick\\AppData\\Roaming\\npm\\node_modules\\ts-node\\src\\index.ts","function":"reportTSError","line":863,"method":null,"native":false},{"column":36,"file":"C:\\Users\\Yannick\\AppData\\Roaming\\npm\\node_modules\\ts-node\\src\\index.ts","function":"getOutput","line":1077,"method":null,"native":false},{"column":41,"file":"C:\\Users\\Yannick\\AppData\\Roaming\\npm\\node_modules\\ts-node\\src\\index.ts","function":"Object.compile","line":1433,"method":"compile","native":false},{"column":30,"file":"C:\\Users\\Yannick\\AppData\\Roaming\\npm\\node_modules\\ts-node\\src\\index.ts","function":"Module.m._compile","line":1617,"method":"_compile","native":false},{"column":10,"file":"node:internal/modules/cjs/loader","function":"Module._extensions..js","line":1435,"method":".js","native":false},{"column":12,"file":"C:\\Users\\Yannick\\AppData\\Roaming\\npm\\node_modules\\ts-node\\src\\index.ts","function":"Object.require.extensions.<computed> [as .ts]","line":1621,"method":"ts]","native":false},{"column":32,"file":"node:internal/modules/cjs/loader","function":"Module.load","line":1207,"method":"load","native":false},{"column":12,"file":"node:internal/modules/cjs/loader","function":"Module._load","line":1023,"method":"_load","native":false},{"column":19,"file":"node:internal/modules/cjs/loader","function":"Module.require","line":1235,"method":"require","native":false}]}
error: uncaughtException:  Unable to compile TypeScript:
[96msrc/Routes/userTest/userTest.route.ts[0m:[93m2[0m:[93m10[0m - [91merror[0m[90m TS2614: [0mModule '"../../Controllers/UserTestController/User.test"' has no exported member 'Users'. Did you mean to use 'import Users from "../../Controllers/UserTestController/User.test"' instead?

[7m2[0m import { Users } from '../../Controllers/UserTestController/User.test';
[7m [0m [91m         ~~~~~[0m

TSError:  Unable to compile TypeScript:
[96msrc/Routes/userTest/userTest.route.ts[0m:[93m2[0m:[93m10[0m - [91merror[0m[90m TS2614: [0mModule '"../../Controllers/UserTestController/User.test"' has no exported member 'Users'. Did you mean to use 'import Users from "../../Controllers/UserTestController/User.test"' instead?

[7m2[0m import { Users } from '../../Controllers/UserTestController/User.test';
[7m [0m [91m         ~~~~~[0m

    at createTSError (C:\Users\Yannick\AppData\Roaming\npm\node_modules\ts-node\src\index.ts:859:12)
    at reportTSError (C:\Users\Yannick\AppData\Roaming\npm\node_modules\ts-node\src\index.ts:863:19)
    at getOutput (C:\Users\Yannick\AppData\Roaming\npm\node_modules\ts-node\src\index.ts:1077:36)
    at Object.compile (C:\Users\Yannick\AppData\Roaming\npm\node_modules\ts-node\src\index.ts:1433:41)
    at Module.m._compile (C:\Users\Yannick\AppData\Roaming\npm\node_modules\ts-node\src\index.ts:1617:30)
    at Module._extensions..js (node:internal/modules/cjs/loader:1435:10)
    at Object.require.extensions.<computed> [as .ts] (C:\Users\Yannick\AppData\Roaming\npm\node_modules\ts-node\src\index.ts:1621:12)
    at Module.load (node:internal/modules/cjs/loader:1207:32)
    at Function.Module._load (node:internal/modules/cjs/loader:1023:12)
    at Module.require (node:internal/modules/cjs/loader:1235:19) {"date":"Wed Sep 25 2024 05:55:43 GMT-0700 (Pacific Daylight Time)","error":{"diagnosticCodes":[2614]},"exception":true,"os":{"loadavg":[0,0,0],"uptime":12588.765},"process":{"argv":["C:\\Users\\Yannick\\AppData\\Roaming\\npm\\node_modules\\ts-node\\dist\\bin.js","C:\\Users\\Yannick\\Documents\\keepCoding\\Full-stack-projects\\Node-Full-Stack-Projects\\MERN-ECOMMERCE-APPLICATION\\src\\server.ts"],"cwd":"C:\\Users\\Yannick\\Documents\\keepCoding\\Full-stack-projects\\Node-Full-Stack-Projects\\MERN-ECOMMERCE-APPLICATION","execPath":"C:\\Program Files\\nodejs\\node.exe","gid":null,"memoryUsage":{"arrayBuffers":22869563,"external":25934201,"heapTotal":269717504,"heapUsed":235452664,"rss":309551104},"pid":14072,"uid":null,"version":"v20.11.0"},"stack":"TSError:  Unable to compile TypeScript:\n\u001b[96msrc/Routes/userTest/userTest.route.ts\u001b[0m:\u001b[93m2\u001b[0m:\u001b[93m10\u001b[0m - \u001b[91merror\u001b[0m\u001b[90m TS2614: \u001b[0mModule '\"../../Controllers/UserTestController/User.test\"' has no exported member 'Users'. Did you mean to use 'import Users from \"../../Controllers/UserTestController/User.test\"' instead?\r\n\r\n\u001b[7m2\u001b[0m import { Users } from '../../Controllers/UserTestController/User.test';\r\n\u001b[7m \u001b[0m \u001b[91m         ~~~~~\u001b[0m\r\n\n    at createTSError (C:\\Users\\Yannick\\AppData\\Roaming\\npm\\node_modules\\ts-node\\src\\index.ts:859:12)\n    at reportTSError (C:\\Users\\Yannick\\AppData\\Roaming\\npm\\node_modules\\ts-node\\src\\index.ts:863:19)\n    at getOutput (C:\\Users\\Yannick\\AppData\\Roaming\\npm\\node_modules\\ts-node\\src\\index.ts:1077:36)\n    at Object.compile (C:\\Users\\Yannick\\AppData\\Roaming\\npm\\node_modules\\ts-node\\src\\index.ts:1433:41)\n    at Module.m._compile (C:\\Users\\Yannick\\AppData\\Roaming\\npm\\node_modules\\ts-node\\src\\index.ts:1617:30)\n    at Module._extensions..js (node:internal/modules/cjs/loader:1435:10)\n    at Object.require.extensions.<computed> [as .ts] (C:\\Users\\Yannick\\AppData\\Roaming\\npm\\node_modules\\ts-node\\src\\index.ts:1621:12)\n    at Module.load (node:internal/modules/cjs/loader:1207:32)\n    at Function.Module._load (node:internal/modules/cjs/loader:1023:12)\n    at Module.require (node:internal/modules/cjs/loader:1235:19)","timestamp":"2024-09-25T12:55:43.037Z","trace":[{"column":12,"file":"C:\\Users\\Yannick\\AppData\\Roaming\\npm\\node_modules\\ts-node\\src\\index.ts","function":"createTSError","line":859,"method":null,"native":false},{"column":19,"file":"C:\\Users\\Yannick\\AppData\\Roaming\\npm\\node_modules\\ts-node\\src\\index.ts","function":"reportTSError","line":863,"method":null,"native":false},{"column":36,"file":"C:\\Users\\Yannick\\AppData\\Roaming\\npm\\node_modules\\ts-node\\src\\index.ts","function":"getOutput","line":1077,"method":null,"native":false},{"column":41,"file":"C:\\Users\\Yannick\\AppData\\Roaming\\npm\\node_modules\\ts-node\\src\\index.ts","function":"Object.compile","line":1433,"method":"compile","native":false},{"column":30,"file":"C:\\Users\\Yannick\\AppData\\Roaming\\npm\\node_modules\\ts-node\\src\\index.ts","function":"Module.m._compile","line":1617,"method":"_compile","native":false},{"column":10,"file":"node:internal/modules/cjs/loader","function":"Module._extensions..js","line":1435,"method":".js","native":false},{"column":12,"file":"C:\\Users\\Yannick\\AppData\\Roaming\\npm\\node_modules\\ts-node\\src\\index.ts","function":"Object.require.extensions.<computed> [as .ts]","line":1621,"method":"ts]","native":false},{"column":32,"file":"node:internal/modules/cjs/loader","function":"Module.load","line":1207,"method":"load","native":false},{"column":12,"file":"node:internal/modules/cjs/loader","function":"Module._load","line":1023,"method":"_load","native":false},{"column":19,"file":"node:internal/modules/cjs/loader","function":"Module.require","line":1235,"method":"require","native":false}]}
error: uncaughtException:  Unable to compile TypeScript:
[96msrc/Routes/userTest/userTest.route.ts[0m:[93m2[0m:[93m19[0m - [91merror[0m[90m TS2307: [0mCannot find module '../../Controllers/UserTestController/User.test' or its corresponding type declarations.

[7m2[0m import Users from '../../Controllers/UserTestController/User.test';
[7m [0m [91m                  ~~~~~~~~~~~~~~~~~~~~~~~~~~~~~~~~~~~~~~~~~~~~~~~~[0m

TSError:  Unable to compile TypeScript:
[96msrc/Routes/userTest/userTest.route.ts[0m:[93m2[0m:[93m19[0m - [91merror[0m[90m TS2307: [0mCannot find module '../../Controllers/UserTestController/User.test' or its corresponding type declarations.

[7m2[0m import Users from '../../Controllers/UserTestController/User.test';
[7m [0m [91m                  ~~~~~~~~~~~~~~~~~~~~~~~~~~~~~~~~~~~~~~~~~~~~~~~~[0m

    at createTSError (C:\Users\Yannick\AppData\Roaming\npm\node_modules\ts-node\src\index.ts:859:12)
    at reportTSError (C:\Users\Yannick\AppData\Roaming\npm\node_modules\ts-node\src\index.ts:863:19)
    at getOutput (C:\Users\Yannick\AppData\Roaming\npm\node_modules\ts-node\src\index.ts:1077:36)
    at Object.compile (C:\Users\Yannick\AppData\Roaming\npm\node_modules\ts-node\src\index.ts:1433:41)
    at Module.m._compile (C:\Users\Yannick\AppData\Roaming\npm\node_modules\ts-node\src\index.ts:1617:30)
    at Module._extensions..js (node:internal/modules/cjs/loader:1435:10)
    at Object.require.extensions.<computed> [as .ts] (C:\Users\Yannick\AppData\Roaming\npm\node_modules\ts-node\src\index.ts:1621:12)
    at Module.load (node:internal/modules/cjs/loader:1207:32)
    at Function.Module._load (node:internal/modules/cjs/loader:1023:12)
    at Module.require (node:internal/modules/cjs/loader:1235:19) {"date":"Wed Sep 25 2024 06:03:14 GMT-0700 (Pacific Daylight Time)","error":{"diagnosticCodes":[2307]},"exception":true,"os":{"loadavg":[0,0,0],"uptime":13040.312},"process":{"argv":["C:\\Users\\Yannick\\AppData\\Roaming\\npm\\node_modules\\ts-node\\dist\\bin.js","C:\\Users\\Yannick\\Documents\\keepCoding\\Full-stack-projects\\Node-Full-Stack-Projects\\MERN-ECOMMERCE-APPLICATION\\src\\server.ts"],"cwd":"C:\\Users\\Yannick\\Documents\\keepCoding\\Full-stack-projects\\Node-Full-Stack-Projects\\MERN-ECOMMERCE-APPLICATION","execPath":"C:\\Program Files\\nodejs\\node.exe","gid":null,"memoryUsage":{"arrayBuffers":22869627,"external":25934265,"heapTotal":267620352,"heapUsed":237650928,"rss":311828480},"pid":7400,"uid":null,"version":"v20.11.0"},"stack":"TSError:  Unable to compile TypeScript:\n\u001b[96msrc/Routes/userTest/userTest.route.ts\u001b[0m:\u001b[93m2\u001b[0m:\u001b[93m19\u001b[0m - \u001b[91merror\u001b[0m\u001b[90m TS2307: \u001b[0mCannot find module '../../Controllers/UserTestController/User.test' or its corresponding type declarations.\r\n\r\n\u001b[7m2\u001b[0m import Users from '../../Controllers/UserTestController/User.test';\r\n\u001b[7m \u001b[0m \u001b[91m                  ~~~~~~~~~~~~~~~~~~~~~~~~~~~~~~~~~~~~~~~~~~~~~~~~\u001b[0m\r\n\n    at createTSError (C:\\Users\\Yannick\\AppData\\Roaming\\npm\\node_modules\\ts-node\\src\\index.ts:859:12)\n    at reportTSError (C:\\Users\\Yannick\\AppData\\Roaming\\npm\\node_modules\\ts-node\\src\\index.ts:863:19)\n    at getOutput (C:\\Users\\Yannick\\AppData\\Roaming\\npm\\node_modules\\ts-node\\src\\index.ts:1077:36)\n    at Object.compile (C:\\Users\\Yannick\\AppData\\Roaming\\npm\\node_modules\\ts-node\\src\\index.ts:1433:41)\n    at Module.m._compile (C:\\Users\\Yannick\\AppData\\Roaming\\npm\\node_modules\\ts-node\\src\\index.ts:1617:30)\n    at Module._extensions..js (node:internal/modules/cjs/loader:1435:10)\n    at Object.require.extensions.<computed> [as .ts] (C:\\Users\\Yannick\\AppData\\Roaming\\npm\\node_modules\\ts-node\\src\\index.ts:1621:12)\n    at Module.load (node:internal/modules/cjs/loader:1207:32)\n    at Function.Module._load (node:internal/modules/cjs/loader:1023:12)\n    at Module.require (node:internal/modules/cjs/loader:1235:19)","timestamp":"2024-09-25T13:03:14.597Z","trace":[{"column":12,"file":"C:\\Users\\Yannick\\AppData\\Roaming\\npm\\node_modules\\ts-node\\src\\index.ts","function":"createTSError","line":859,"method":null,"native":false},{"column":19,"file":"C:\\Users\\Yannick\\AppData\\Roaming\\npm\\node_modules\\ts-node\\src\\index.ts","function":"reportTSError","line":863,"method":null,"native":false},{"column":36,"file":"C:\\Users\\Yannick\\AppData\\Roaming\\npm\\node_modules\\ts-node\\src\\index.ts","function":"getOutput","line":1077,"method":null,"native":false},{"column":41,"file":"C:\\Users\\Yannick\\AppData\\Roaming\\npm\\node_modules\\ts-node\\src\\index.ts","function":"Object.compile","line":1433,"method":"compile","native":false},{"column":30,"file":"C:\\Users\\Yannick\\AppData\\Roaming\\npm\\node_modules\\ts-node\\src\\index.ts","function":"Module.m._compile","line":1617,"method":"_compile","native":false},{"column":10,"file":"node:internal/modules/cjs/loader","function":"Module._extensions..js","line":1435,"method":".js","native":false},{"column":12,"file":"C:\\Users\\Yannick\\AppData\\Roaming\\npm\\node_modules\\ts-node\\src\\index.ts","function":"Object.require.extensions.<computed> [as .ts]","line":1621,"method":"ts]","native":false},{"column":32,"file":"node:internal/modules/cjs/loader","function":"Module.load","line":1207,"method":"load","native":false},{"column":12,"file":"node:internal/modules/cjs/loader","function":"Module._load","line":1023,"method":"_load","native":false},{"column":19,"file":"node:internal/modules/cjs/loader","function":"Module.require","line":1235,"method":"require","native":false}]}
error: uncaughtException:  Unable to compile TypeScript:
[96msrc/Routes/userTest/userTest.route.ts[0m:[93m2[0m:[93m19[0m - [91merror[0m[90m TS2307: [0mCannot find module '../../Controllers/UserTestController/User.test' or its corresponding type declarations.

[7m2[0m import Users from '../../Controllers/UserTestController/User.test';
[7m [0m [91m                  ~~~~~~~~~~~~~~~~~~~~~~~~~~~~~~~~~~~~~~~~~~~~~~~~[0m

TSError:  Unable to compile TypeScript:
[96msrc/Routes/userTest/userTest.route.ts[0m:[93m2[0m:[93m19[0m - [91merror[0m[90m TS2307: [0mCannot find module '../../Controllers/UserTestController/User.test' or its corresponding type declarations.

[7m2[0m import Users from '../../Controllers/UserTestController/User.test';
[7m [0m [91m                  ~~~~~~~~~~~~~~~~~~~~~~~~~~~~~~~~~~~~~~~~~~~~~~~~[0m

    at createTSError (C:\Users\Yannick\AppData\Roaming\npm\node_modules\ts-node\src\index.ts:859:12)
    at reportTSError (C:\Users\Yannick\AppData\Roaming\npm\node_modules\ts-node\src\index.ts:863:19)
    at getOutput (C:\Users\Yannick\AppData\Roaming\npm\node_modules\ts-node\src\index.ts:1077:36)
    at Object.compile (C:\Users\Yannick\AppData\Roaming\npm\node_modules\ts-node\src\index.ts:1433:41)
    at Module.m._compile (C:\Users\Yannick\AppData\Roaming\npm\node_modules\ts-node\src\index.ts:1617:30)
    at Module._extensions..js (node:internal/modules/cjs/loader:1435:10)
    at Object.require.extensions.<computed> [as .ts] (C:\Users\Yannick\AppData\Roaming\npm\node_modules\ts-node\src\index.ts:1621:12)
    at Module.load (node:internal/modules/cjs/loader:1207:32)
    at Function.Module._load (node:internal/modules/cjs/loader:1023:12)
    at Module.require (node:internal/modules/cjs/loader:1235:19) {"date":"Wed Sep 25 2024 06:03:43 GMT-0700 (Pacific Daylight Time)","error":{"diagnosticCodes":[2307]},"exception":true,"os":{"loadavg":[0,0,0],"uptime":13069.593},"process":{"argv":["C:\\Users\\Yannick\\AppData\\Roaming\\npm\\node_modules\\ts-node\\dist\\bin.js","C:\\Users\\Yannick\\Documents\\keepCoding\\Full-stack-projects\\Node-Full-Stack-Projects\\MERN-ECOMMERCE-APPLICATION\\src\\server.ts"],"cwd":"C:\\Users\\Yannick\\Documents\\keepCoding\\Full-stack-projects\\Node-Full-Stack-Projects\\MERN-ECOMMERCE-APPLICATION","execPath":"C:\\Program Files\\nodejs\\node.exe","gid":null,"memoryUsage":{"arrayBuffers":22877699,"external":25942337,"heapTotal":270508032,"heapUsed":238052264,"rss":317677568},"pid":7524,"uid":null,"version":"v20.11.0"},"stack":"TSError:  Unable to compile TypeScript:\n\u001b[96msrc/Routes/userTest/userTest.route.ts\u001b[0m:\u001b[93m2\u001b[0m:\u001b[93m19\u001b[0m - \u001b[91merror\u001b[0m\u001b[90m TS2307: \u001b[0mCannot find module '../../Controllers/UserTestController/User.test' or its corresponding type declarations.\r\n\r\n\u001b[7m2\u001b[0m import Users from '../../Controllers/UserTestController/User.test';\r\n\u001b[7m \u001b[0m \u001b[91m                  ~~~~~~~~~~~~~~~~~~~~~~~~~~~~~~~~~~~~~~~~~~~~~~~~\u001b[0m\r\n\n    at createTSError (C:\\Users\\Yannick\\AppData\\Roaming\\npm\\node_modules\\ts-node\\src\\index.ts:859:12)\n    at reportTSError (C:\\Users\\Yannick\\AppData\\Roaming\\npm\\node_modules\\ts-node\\src\\index.ts:863:19)\n    at getOutput (C:\\Users\\Yannick\\AppData\\Roaming\\npm\\node_modules\\ts-node\\src\\index.ts:1077:36)\n    at Object.compile (C:\\Users\\Yannick\\AppData\\Roaming\\npm\\node_modules\\ts-node\\src\\index.ts:1433:41)\n    at Module.m._compile (C:\\Users\\Yannick\\AppData\\Roaming\\npm\\node_modules\\ts-node\\src\\index.ts:1617:30)\n    at Module._extensions..js (node:internal/modules/cjs/loader:1435:10)\n    at Object.require.extensions.<computed> [as .ts] (C:\\Users\\Yannick\\AppData\\Roaming\\npm\\node_modules\\ts-node\\src\\index.ts:1621:12)\n    at Module.load (node:internal/modules/cjs/loader:1207:32)\n    at Function.Module._load (node:internal/modules/cjs/loader:1023:12)\n    at Module.require (node:internal/modules/cjs/loader:1235:19)","timestamp":"2024-09-25T13:03:43.863Z","trace":[{"column":12,"file":"C:\\Users\\Yannick\\AppData\\Roaming\\npm\\node_modules\\ts-node\\src\\index.ts","function":"createTSError","line":859,"method":null,"native":false},{"column":19,"file":"C:\\Users\\Yannick\\AppData\\Roaming\\npm\\node_modules\\ts-node\\src\\index.ts","function":"reportTSError","line":863,"method":null,"native":false},{"column":36,"file":"C:\\Users\\Yannick\\AppData\\Roaming\\npm\\node_modules\\ts-node\\src\\index.ts","function":"getOutput","line":1077,"method":null,"native":false},{"column":41,"file":"C:\\Users\\Yannick\\AppData\\Roaming\\npm\\node_modules\\ts-node\\src\\index.ts","function":"Object.compile","line":1433,"method":"compile","native":false},{"column":30,"file":"C:\\Users\\Yannick\\AppData\\Roaming\\npm\\node_modules\\ts-node\\src\\index.ts","function":"Module.m._compile","line":1617,"method":"_compile","native":false},{"column":10,"file":"node:internal/modules/cjs/loader","function":"Module._extensions..js","line":1435,"method":".js","native":false},{"column":12,"file":"C:\\Users\\Yannick\\AppData\\Roaming\\npm\\node_modules\\ts-node\\src\\index.ts","function":"Object.require.extensions.<computed> [as .ts]","line":1621,"method":"ts]","native":false},{"column":32,"file":"node:internal/modules/cjs/loader","function":"Module.load","line":1207,"method":"load","native":false},{"column":12,"file":"node:internal/modules/cjs/loader","function":"Module._load","line":1023,"method":"_load","native":false},{"column":19,"file":"node:internal/modules/cjs/loader","function":"Module.require","line":1235,"method":"require","native":false}]}
